Copyright 1986-2022 Xilinx, Inc. All Rights Reserved.
------------------------------------------------------------------------------------
| Tool Version : Vivado v.2022.2 (win64) Build 3671981 Fri Oct 14 05:00:03 MDT 2022
| Date         : Thu May 11 12:14:06 2023
| Host         : LAPTOP-73BI56TU running 64-bit major release  (build 9200)
| Command      : upgrade_ip
| Device       : xc7z010clg400-1
------------------------------------------------------------------------------------

Upgrade Log for IP 'thresh_0'

1. Summary
----------

SUCCESS in the upgrade of thresh_0 (xilinx.com:user:thresh:1.0) from (Rev. 6) to (Rev. 2)






Copyright 1986-2022 Xilinx, Inc. All Rights Reserved.
------------------------------------------------------------------------------------
| Tool Version : Vivado v.2022.2 (win64) Build 3671981 Fri Oct 14 05:00:03 MDT 2022
| Date         : Thu May 11 12:06:37 2023
| Host         : LAPTOP-73BI56TU running 64-bit major release  (build 9200)
| Command      : upgrade_ip
| Device       : xc7z010clg400-1
------------------------------------------------------------------------------------

Upgrade Log for IP 'hdmi_vga_vp_0_0'

1. Summary
----------

SUCCESS in the conversion of hdmi_vga_vp_0_0 (xilinx.com:module_ref:vp:1.0 (Rev. 1)) to Vivado generation flows.






Copyright 1986-2022 Xilinx, Inc. All Rights Reserved.
------------------------------------------------------------------------------------
| Tool Version : Vivado v.2022.2 (win64) Build 3671981 Fri Oct 14 05:00:03 MDT 2022
| Date         : Thu May 11 12:06:30 2023
| Host         : LAPTOP-73BI56TU running 64-bit major release  (build 9200)
| Command      : upgrade_ip
| Device       : xc7z010clg400-1
------------------------------------------------------------------------------------

Upgrade Log for IP 'thresh_0'

1. Summary
----------

SUCCESS in the upgrade of thresh_0 (xilinx.com:user:thresh:1.0) from (Rev. 4) to (Rev. 5)






Copyright 1986-2022 Xilinx, Inc. All Rights Reserved.
------------------------------------------------------------------------------------
| Tool Version : Vivado v.2022.2 (win64) Build 3671981 Fri Oct 14 05:00:03 MDT 2022
| Date         : Thu May 11 11:51:07 2023
| Host         : LAPTOP-73BI56TU running 64-bit major release  (build 9200)
| Command      : upgrade_ip
| Device       : xc7z010clg400-1
------------------------------------------------------------------------------------

Upgrade Log for IP 'centroid_0'

1. Summary
----------

SUCCESS in the upgrade of centroid_0 (xilinx.com:user:centroid:1.0) from (Rev. 1) to (Rev. 2)






Copyright 1986-2022 Xilinx, Inc. All Rights Reserved.
------------------------------------------------------------------------------------
| Tool Version : Vivado v.2022.2 (win64) Build 3671981 Fri Oct 14 05:00:03 MDT 2022
| Date         : Thu May 11 11:50:22 2023
| Host         : LAPTOP-73BI56TU running 64-bit major release  (build 9200)
| Command      : upgrade_ip
| Device       : xc7z010clg400-1
------------------------------------------------------------------------------------

Upgrade Log for IP 'thresh_0'

1. Summary
----------

SUCCESS in the upgrade of thresh_0 (xilinx.com:user:thresh:1.0) from (Rev. 3) to (Rev. 4)






Copyright 1986-2022 Xilinx, Inc. All Rights Reserved.
------------------------------------------------------------------------------------
| Tool Version : Vivado v.2022.2 (win64) Build 3671981 Fri Oct 14 05:00:03 MDT 2022
| Date         : Thu May 11 01:49:29 2023
| Host         : LAPTOP-73BI56TU running 64-bit major release  (build 9200)
| Command      : upgrade_ip
| Device       : xc7z010clg400-1
------------------------------------------------------------------------------------

Upgrade Log for IP 'hdmi_vga_dvi2rgb_0_0'

1. Summary
----------

SUCCESS in the conversion of hdmi_vga_dvi2rgb_0_0 (digilentinc.com:ip:dvi2rgb:2.0 (Rev. 8)) to Vivado generation flows.






Copyright 1986-2022 Xilinx, Inc. All Rights Reserved.
------------------------------------------------------------------------------------
| Tool Version : Vivado v.2022.2 (win64) Build 3671981 Fri Oct 14 05:00:03 MDT 2022
| Date         : Thu May 11 01:49:29 2023
| Host         : LAPTOP-73BI56TU running 64-bit major release  (build 9200)
| Command      : upgrade_ip
| Device       : xc7z010clg400-1
------------------------------------------------------------------------------------

Upgrade Log for IP 'hdmi_vga_clk_wiz_0_0'

1. Summary
----------

SUCCESS in the conversion of hdmi_vga_clk_wiz_0_0 (xilinx.com:ip:clk_wiz:6.0 (Rev. 11)) to Vivado generation flows.






Copyright 1986-2022 Xilinx, Inc. All Rights Reserved.
------------------------------------------------------------------------------------
| Tool Version : Vivado v.2022.2 (win64) Build 3671981 Fri Oct 14 05:00:03 MDT 2022
| Date         : Thu May 11 01:44:16 2023
| Host         : LAPTOP-73BI56TU running 64-bit major release  (build 9200)
| Command      : upgrade_ip
| Device       : xc7z010clg400-1
------------------------------------------------------------------------------------

Upgrade Log for IP 'rgb2ycbcr_0'

1. Summary
----------

SUCCESS in the upgrade of rgb2ycbcr_0 (xilinx.com:user:rgb2ycbcr:1.0) from (Rev. 1) to (Rev. 3)

