#-----------------------------------------------------------
# Vivado v2022.2 (64-bit)
# SW Build 3671981 on Fri Oct 14 05:00:03 MDT 2022
# IP Build 3669848 on Fri Oct 14 08:30:02 MDT 2022
# Start of session at: Mon May 15 01:16:41 2023
# Process ID: 11192
# Current directory: C:/Users/Julia/Desktop/hdmi_vga_zybo1
# Command line: vivado.exe -gui_launcher_event rodinguilauncherevent15108 C:\Users\Julia\Desktop\hdmi_vga_zybo1\hdmi_vga_zybo.xpr
# Log file: C:/Users/Julia/Desktop/hdmi_vga_zybo1/vivado.log
# Journal file: C:/Users/Julia/Desktop/hdmi_vga_zybo1\vivado.jou
# Running On: LAPTOP-73BI56TU, OS: Windows, CPU Frequency: 2895 MHz, CPU Physical cores: 16, Host memory: 16559 MB
#-----------------------------------------------------------
start_gui
open_project C:/Users/Julia/Desktop/hdmi_vga_zybo1/hdmi_vga_zybo.xpr
WARNING: [Board 49-26] cannot add Board Part xilinx.com:ac701:part0:1.4 available at C:/Xilinx/Vivado/2022.2/data/xhub/boards/XilinxBoardStore/boards/Xilinx/ac701/1.4/board.xml as part xc7a200tfbg676-2 specified in board_part file is either invalid or not available
WARNING: [Board 49-26] cannot add Board Part xilinx.com:k26c:part0:1.2 available at C:/Xilinx/Vivado/2022.2/data/xhub/boards/XilinxBoardStore/boards/Xilinx/k26c/1.2/board.xml as part xck26-sfvc784-2lv-c specified in board_part file is either invalid or not available
WARNING: [Board 49-26] cannot add Board Part xilinx.com:k26c:part0:1.3 available at C:/Xilinx/Vivado/2022.2/data/xhub/boards/XilinxBoardStore/boards/Xilinx/k26c/1.3/board.xml as part xck26-sfvc784-2lv-c specified in board_part file is either invalid or not available
WARNING: [Board 49-26] cannot add Board Part xilinx.com:k26c:part0:1.4 available at C:/Xilinx/Vivado/2022.2/data/xhub/boards/XilinxBoardStore/boards/Xilinx/k26c/1.4/board.xml as part xck26-sfvc784-2lv-c specified in board_part file is either invalid or not available
WARNING: [Board 49-26] cannot add Board Part xilinx.com:k26i:part0:1.2 available at C:/Xilinx/Vivado/2022.2/data/xhub/boards/XilinxBoardStore/boards/Xilinx/k26i/1.2/board.xml as part xck26-sfvc784-2lvi-i specified in board_part file is either invalid or not available
WARNING: [Board 49-26] cannot add Board Part xilinx.com:k26i:part0:1.3 available at C:/Xilinx/Vivado/2022.2/data/xhub/boards/XilinxBoardStore/boards/Xilinx/k26i/1.3/board.xml as part xck26-sfvc784-2lvi-i specified in board_part file is either invalid or not available
WARNING: [Board 49-26] cannot add Board Part xilinx.com:k26i:part0:1.4 available at C:/Xilinx/Vivado/2022.2/data/xhub/boards/XilinxBoardStore/boards/Xilinx/k26i/1.4/board.xml as part xck26-sfvc784-2lvi-i specified in board_part file is either invalid or not available
WARNING: [Board 49-26] cannot add Board Part xilinx.com:kc705:part0:1.6 available at C:/Xilinx/Vivado/2022.2/data/xhub/boards/XilinxBoardStore/boards/Xilinx/kc705/1.6/board.xml as part xc7k325tffg900-2 specified in board_part file is either invalid or not available
WARNING: [Board 49-26] cannot add Board Part xilinx.com:kcu105:part0:1.6 available at C:/Xilinx/Vivado/2022.2/data/xhub/boards/XilinxBoardStore/boards/Xilinx/kcu105/1.6/board.xml as part xcku040-ffva1156-2-e specified in board_part file is either invalid or not available
WARNING: [Board 49-26] cannot add Board Part xilinx.com:kcu105:part0:1.7 available at C:/Xilinx/Vivado/2022.2/data/xhub/boards/XilinxBoardStore/boards/Xilinx/kcu105/1.7/board.xml as part xcku040-ffva1156-2-e specified in board_part file is either invalid or not available
WARNING: [Board 49-26] cannot add Board Part xilinx.com:kcu116:part0:1.4 available at C:/Xilinx/Vivado/2022.2/data/xhub/boards/XilinxBoardStore/boards/Xilinx/kcu116/1.4/board.xml as part xcku5p-ffvb676-2-e specified in board_part file is either invalid or not available
WARNING: [Board 49-26] cannot add Board Part xilinx.com:kcu116:part0:1.5 available at C:/Xilinx/Vivado/2022.2/data/xhub/boards/XilinxBoardStore/boards/Xilinx/kcu116/1.5/board.xml as part xcku5p-ffvb676-2-e specified in board_part file is either invalid or not available
WARNING: [Board 49-26] cannot add Board Part xilinx.com:kr260_som:part0:1.0 available at C:/Xilinx/Vivado/2022.2/data/xhub/boards/XilinxBoardStore/boards/Xilinx/kr260_som/1.0/board.xml as part xck26-sfvc784-2lv-c specified in board_part file is either invalid or not available
WARNING: [Board 49-26] cannot add Board Part xilinx.com:kr260_som:part0:1.1 available at C:/Xilinx/Vivado/2022.2/data/xhub/boards/XilinxBoardStore/boards/Xilinx/kr260_som/1.1/board.xml as part xck26-sfvc784-2lv-c specified in board_part file is either invalid or not available
WARNING: [Board 49-26] cannot add Board Part xilinx.com:kv260_som:part0:1.2 available at C:/Xilinx/Vivado/2022.2/data/xhub/boards/XilinxBoardStore/boards/Xilinx/kv260_som/1.2/board.xml as part xck26-sfvc784-2lv-c specified in board_part file is either invalid or not available
WARNING: [Board 49-26] cannot add Board Part xilinx.com:kv260_som:part0:1.3 available at C:/Xilinx/Vivado/2022.2/data/xhub/boards/XilinxBoardStore/boards/Xilinx/kv260_som/1.3/board.xml as part xck26-sfvc784-2lv-c specified in board_part file is either invalid or not available
WARNING: [Board 49-26] cannot add Board Part xilinx.com:kv260_som:part0:1.4 available at C:/Xilinx/Vivado/2022.2/data/xhub/boards/XilinxBoardStore/boards/Xilinx/kv260_som/1.4/board.xml as part xck26-sfvc784-2lv-c specified in board_part file is either invalid or not available
WARNING: [Board 49-26] cannot add Board Part xilinx.com:sp701:part0:1.0 available at C:/Xilinx/Vivado/2022.2/data/xhub/boards/XilinxBoardStore/boards/Xilinx/sp701/1.0/board.xml as part xc7s100fgga676-2 specified in board_part file is either invalid or not available
WARNING: [Board 49-26] cannot add Board Part xilinx.com:sp701:part0:1.1 available at C:/Xilinx/Vivado/2022.2/data/xhub/boards/XilinxBoardStore/boards/Xilinx/sp701/1.1/board.xml as part xc7s100fgga676-2 specified in board_part file is either invalid or not available
WARNING: [Board 49-26] cannot add Board Part xilinx.com:vc707:part0:1.4 available at C:/Xilinx/Vivado/2022.2/data/xhub/boards/XilinxBoardStore/boards/Xilinx/vc707/1.4/board.xml as part xc7vx485tffg1761-2 specified in board_part file is either invalid or not available
WARNING: [Board 49-26] cannot add Board Part xilinx.com:vc709:part0:1.8 available at C:/Xilinx/Vivado/2022.2/data/xhub/boards/XilinxBoardStore/boards/Xilinx/vc709/1.8/board.xml as part xc7vx690tffg1761-2 specified in board_part file is either invalid or not available
WARNING: [Board 49-26] cannot add Board Part xilinx.com:vcu108:part0:1.6 available at C:/Xilinx/Vivado/2022.2/data/xhub/boards/XilinxBoardStore/boards/Xilinx/vcu108/1.6/board.xml as part xcvu095-ffva2104-2-e specified in board_part file is either invalid or not available
WARNING: [Board 49-26] cannot add Board Part xilinx.com:vcu108:part0:1.7 available at C:/Xilinx/Vivado/2022.2/data/xhub/boards/XilinxBoardStore/boards/Xilinx/vcu108/1.7/board.xml as part xcvu095-ffva2104-2-e specified in board_part file is either invalid or not available
WARNING: [Board 49-26] cannot add Board Part xilinx.com:vcu110:part0:1.4 available at C:/Xilinx/Vivado/2022.2/data/xhub/boards/XilinxBoardStore/boards/Xilinx/vcu110/1.4/board.xml as part xcvu190-flgc2104-2-e specified in board_part file is either invalid or not available
WARNING: [Board 49-26] cannot add Board Part xilinx.com:vcu128:part0:1.0 available at C:/Xilinx/Vivado/2022.2/data/xhub/boards/XilinxBoardStore/boards/Xilinx/vcu128/production/1.0/board.xml as part xcvu37p-fsvh2892-2l-e specified in board_part file is either invalid or not available
WARNING: [Board 49-26] cannot add Board Part xilinx.com:vcu129:part0:1.0 available at C:/Xilinx/Vivado/2022.2/data/xhub/boards/XilinxBoardStore/boards/Xilinx/vcu129/production/1.0/board.xml as part xcvu29p-fsga2577-2l-e specified in board_part file is either invalid or not available
WARNING: [Board 49-26] cannot add Board Part xilinx.com:vek280_es:part0:1.0 available at C:/Xilinx/Vivado/2022.2/data/xhub/boards/XilinxBoardStore/boards/Xilinx/vek280/es/1.0/board.xml as part xcve2802-vsvh1760-2lp-e-s-es1 specified in board_part file is either invalid or not available
WARNING: [Board 49-26] cannot add Board Part xilinx.com:vermeo_t1_mpsoc:part0:1.0 available at C:/Xilinx/Vivado/2022.2/data/xhub/boards/XilinxBoardStore/boards/Xilinx/vermeo_t1_mpsoc/1.0/board.xml as part xczu19eg-ffvd1760-2l-e specified in board_part file is either invalid or not available
WARNING: [Board 49-26] cannot add Board Part xilinx.com:vermeo_t1_rfsoc:part0:1.0 available at C:/Xilinx/Vivado/2022.2/data/xhub/boards/XilinxBoardStore/boards/Xilinx/vermeo_t1_rfsoc/1.0/board.xml as part xczu21dr-ffvd1156-2l-e specified in board_part file is either invalid or not available
WARNING: [Board 49-26] cannot add Board Part xilinx.com:vhk158_es:part0:1.0 available at C:/Xilinx/Vivado/2022.2/data/xhub/boards/XilinxBoardStore/boards/Xilinx/vhk158/es/1.0/board.xml as part xcvh1582-vsva3697-2mp-e-s-es1 specified in board_part file is either invalid or not available
WARNING: [Board 49-26] cannot add Board Part xilinx.com:vmk180:part0:2.2 available at C:/Xilinx/Vivado/2022.2/data/xhub/boards/XilinxBoardStore/boards/Xilinx/vmk180/production/2.2/board.xml as part xcvm1802-vsva2197-2mp-e-s specified in board_part file is either invalid or not available
WARNING: [Board 49-26] cannot add Board Part xilinx.com:vmk180:part0:3.0 available at C:/Xilinx/Vivado/2022.2/data/xhub/boards/XilinxBoardStore/boards/Xilinx/vmk180/production/3.0/board.xml as part xcvm1802-vsva2197-2mp-e-s specified in board_part file is either invalid or not available
WARNING: [Board 49-26] cannot add Board Part xilinx.com:vmk180:part0:3.1 available at C:/Xilinx/Vivado/2022.2/data/xhub/boards/XilinxBoardStore/boards/Xilinx/vmk180/production/3.1/board.xml as part xcvm1802-vsva2197-2mp-e-s specified in board_part file is either invalid or not available
WARNING: [Board 49-26] cannot add Board Part xilinx.com:vmk180_newl:part0:1.0 available at C:/Xilinx/Vivado/2022.2/data/xhub/boards/XilinxBoardStore/boards/Xilinx/vmk180_newl/production/1.0/board.xml as part xcvm1802-vsva2197-2mp-e-s specified in board_part file is either invalid or not available
WARNING: [Board 49-26] cannot add Board Part xilinx.com:vpk120:part0:1.0 available at C:/Xilinx/Vivado/2022.2/data/xhub/boards/XilinxBoardStore/boards/Xilinx/vpk120/production/1.0/board.xml as part xcvp1202-vsva2785-2mp-e-s specified in board_part file is either invalid or not available
WARNING: [Board 49-26] cannot add Board Part xilinx.com:vpk120_es:part0:1.2 available at C:/Xilinx/Vivado/2022.2/data/xhub/boards/XilinxBoardStore/boards/Xilinx/vpk120/es/1.2/board.xml as part xcvp1202-vsva2785-2mp-e-s-es1 specified in board_part file is either invalid or not available
WARNING: [Board 49-26] cannot add Board Part xilinx.com:vpk120_es_revb:part0:1.0 available at C:/Xilinx/Vivado/2022.2/data/xhub/boards/XilinxBoardStore/boards/Xilinx/vpk120_revb/es/1.0/board.xml as part xcvp1202-vsva2785-2mp-e-s-es1 specified in board_part file is either invalid or not available
WARNING: [Board 49-26] cannot add Board Part xilinx.com:vpk180_es:part0:1.0 available at C:/Xilinx/Vivado/2022.2/data/xhub/boards/XilinxBoardStore/boards/Xilinx/vpk180/es/1.0/board.xml as part xcvp1802-lsvc4072-2mp-e-s-es1 specified in board_part file is either invalid or not available
WARNING: [Board 49-26] cannot add Board Part xilinx.com:zcu111:part0:1.2 available at C:/Xilinx/Vivado/2022.2/data/xhub/boards/XilinxBoardStore/boards/Xilinx/zcu111/1.2/board.xml as part xczu28dr-ffvg1517-2-e specified in board_part file is either invalid or not available
WARNING: [Board 49-26] cannot add Board Part xilinx.com:zcu111:part0:1.3 available at C:/Xilinx/Vivado/2022.2/data/xhub/boards/XilinxBoardStore/boards/Xilinx/zcu111/1.3/board.xml as part xczu28dr-ffvg1517-2-e specified in board_part file is either invalid or not available
WARNING: [Board 49-26] cannot add Board Part xilinx.com:zcu111:part0:1.4 available at C:/Xilinx/Vivado/2022.2/data/xhub/boards/XilinxBoardStore/boards/Xilinx/zcu111/1.4/board.xml as part xczu28dr-ffvg1517-2-e specified in board_part file is either invalid or not available
WARNING: [Board 49-26] cannot add Board Part xilinx.com:zcu1275:part0:1.0 available at C:/Xilinx/Vivado/2022.2/data/xhub/boards/XilinxBoardStore/boards/Xilinx/zcu1275/1.0/board.xml as part xczu29dr-ffvf1760-2-e specified in board_part file is either invalid or not available
WARNING: [Board 49-26] cannot add Board Part xilinx.com:zcu1285:part0:1.0 available at C:/Xilinx/Vivado/2022.2/data/xhub/boards/XilinxBoardStore/boards/Xilinx/zcu1285/1.0/board.xml as part xczu39dr-ffvf1760-2-i specified in board_part file is either invalid or not available
WARNING: [Board 49-26] cannot add Board Part xilinx.com:zcu208:part0:2.0 available at C:/Xilinx/Vivado/2022.2/data/xhub/boards/XilinxBoardStore/boards/Xilinx/zcu208/production/2.0/board.xml as part xczu48dr-fsvg1517-2-e specified in board_part file is either invalid or not available
WARNING: [Board 49-26] cannot add Board Part xilinx.com:zcu208ld:part0:2.0 available at C:/Xilinx/Vivado/2022.2/data/xhub/boards/XilinxBoardStore/boards/Xilinx/zcu208ld/production/2.0/board.xml as part xczu58dr-fsvg1517-2-i specified in board_part file is either invalid or not available
WARNING: [Board 49-26] cannot add Board Part xilinx.com:zcu216:part0:2.0 available at C:/Xilinx/Vivado/2022.2/data/xhub/boards/XilinxBoardStore/boards/Xilinx/zcu216/production/2.0/board.xml as part xczu49dr-ffvf1760-2-e specified in board_part file is either invalid or not available
WARNING: [Board 49-26] cannot add Board Part xilinx.com:zcu216ld:part0:2.0 available at C:/Xilinx/Vivado/2022.2/data/xhub/boards/XilinxBoardStore/boards/Xilinx/zcu216ld/production/2.0/board.xml as part xczu59dr-ffvf1760-2-i specified in board_part file is either invalid or not available
WARNING: [Board 49-26] cannot add Board Part xilinx.com:zcu670:part0:2.0 available at C:/Xilinx/Vivado/2022.2/data/xhub/boards/XilinxBoardStore/boards/Xilinx/zcu670/2.0/board.xml as part xczu67dr-fsve1156-2-i specified in board_part file is either invalid or not available
WARNING: [Board 49-26] cannot add Board Part xilinx.com:zcu670ld:part0:1.0 available at C:/Xilinx/Vivado/2022.2/data/xhub/boards/XilinxBoardStore/boards/Xilinx/zcu670ld/1.0/board.xml as part xczu57dr-fsve1156-2-i specified in board_part file is either invalid or not available
WARNING: [filemgmt 56-3] IP Repository Path: Could not find the directory 'C:/Users/Julia/lab_5/vivado-library'.
Scanning sources...
Finished scanning sources
INFO: [IP_Flow 19-234] Refreshing IP repositories
WARNING: [IP_Flow 19-2248] Failed to load user IP repository 'c:/Users/Julia/lab_5/vivado-library'; Can't find the specified path.
If this directory should no longer be in your list of user repositories, go to the IP Settings dialog and remove it.
INFO: [IP_Flow 19-1700] Loaded user IP repository 'c:/Users/Julia/Desktop/SR/ip_core'.
INFO: [IP_Flow 19-1700] Loaded user IP repository 'c:/Users/Julia/Desktop/SR/vivado-library'.
INFO: [IP_Flow 19-1700] Loaded user IP repository 'c:/Users/Julia/Desktop/hdmi_vga_zybo1/divider_32_20_0'.
INFO: [IP_Flow 19-1700] Loaded user IP repository 'c:/Users/Julia/Desktop/SR/Projekty/accum'.
INFO: [IP_Flow 19-1700] Loaded user IP repository 'c:/Users/Julia/Desktop/centroid_IP'.
INFO: [IP_Flow 19-1700] Loaded user IP repository 'c:/Users/Julia/Desktop/SR/threshold_ip'.
INFO: [IP_Flow 19-2313] Loaded Vivado IP repository 'C:/Xilinx/Vivado/2022.2/data/ip'.
WARNING: [IP_Flow 19-1663] Duplicate IP found for 'user.org:user:divider_32_20:1.0'. The one found in IP location 'c:/Users/Julia/Desktop/hdmi_vga_zybo1/divider_32_20_0' will take precedence over the same IP in location c:/Users/Julia/Desktop/centroid_IP/divider_32_20_0
open_project: Time (s): cpu = 00:00:25 ; elapsed = 00:00:12 . Memory (MB): peak = 1334.555 ; gain = 353.781
update_module_reference hdmi_vga_vp_0_0
INFO: [IP_Flow 19-5107] Inferred bus interface 'clk' of definition 'xilinx.com:signal:clock:1.0' (from Xilinx Repository).
WARNING: [IP_Flow 19-5661] Bus Interface 'clk' does not have any bus interfaces associated with it.
INFO: [IP_Flow 19-234] Refreshing IP repositories
WARNING: [IP_Flow 19-2248] Failed to load user IP repository 'c:/Users/Julia/lab_5/vivado-library'; Can't find the specified path.
If this directory should no longer be in your list of user repositories, go to the IP Settings dialog and remove it.
INFO: [IP_Flow 19-1700] Loaded user IP repository 'c:/Users/Julia/Desktop/SR/ip_core'.
INFO: [IP_Flow 19-1700] Loaded user IP repository 'c:/Users/Julia/Desktop/SR/vivado-library'.
INFO: [IP_Flow 19-1700] Loaded user IP repository 'c:/Users/Julia/Desktop/hdmi_vga_zybo1/divider_32_20_0'.
INFO: [IP_Flow 19-1700] Loaded user IP repository 'c:/Users/Julia/Desktop/SR/Projekty/accum'.
INFO: [IP_Flow 19-1700] Loaded user IP repository 'c:/Users/Julia/Desktop/centroid_IP'.
INFO: [IP_Flow 19-1700] Loaded user IP repository 'c:/Users/Julia/Desktop/SR/threshold_ip'.
WARNING: [IP_Flow 19-1663] Duplicate IP found for 'user.org:user:divider_32_20:1.0'. The one found in IP location 'c:/Users/Julia/Desktop/hdmi_vga_zybo1/divider_32_20_0' will take precedence over the same IP in location c:/Users/Julia/Desktop/centroid_IP/divider_32_20_0
Reading block design file <C:/Users/Julia/Desktop/hdmi_vga_zybo1/hdmi_vga_zybo.srcs/sources_1/bd/hdmi_vga/hdmi_vga.bd>...
Adding component instance block -- digilentinc.com:ip:rgb2vga:1.0 - rgb2vga_0
Adding component instance block -- xilinx.com:ip:xlconstant:1.1 - xlconstant_0
Adding component instance block -- xilinx.com:ip:xlconstant:1.1 - xlconstant_1
Adding component instance block -- xilinx.com:ip:clk_wiz:6.0 - clk_wiz_0
Adding component instance block -- digilentinc.com:ip:dvi2rgb:2.0 - dvi2rgb_0
Adding component instance block -- xilinx.com:module_ref:vp:1.0 - vp_0
Successfully read diagram <hdmi_vga> from block design file <C:/Users/Julia/Desktop/hdmi_vga_zybo1/hdmi_vga_zybo.srcs/sources_1/bd/hdmi_vga/hdmi_vga.bd>
Upgrading 'C:/Users/Julia/Desktop/hdmi_vga_zybo1/hdmi_vga_zybo.srcs/sources_1/bd/hdmi_vga/hdmi_vga.bd'
INFO: [IP_Flow 19-3420] Updated hdmi_vga_vp_0_0 to use current project options
Wrote  : <C:\Users\Julia\Desktop\hdmi_vga_zybo1\hdmi_vga_zybo.srcs\sources_1\bd\hdmi_vga\hdmi_vga.bd> 
upgrade_ip: Time (s): cpu = 00:00:15 ; elapsed = 00:00:09 . Memory (MB): peak = 1468.035 ; gain = 103.082
update_module_reference: Time (s): cpu = 00:00:15 ; elapsed = 00:00:09 . Memory (MB): peak = 1468.035 ; gain = 103.082
INFO: [Vivado 12-5457] ref source:C:/Users/Julia/Desktop/hdmi_vga_zybo1/hdmi_vga_zybo.srcs/sources_1/ip/thresh_0_2/thresh_0.xci
generate_target Simulation [get_files C:/Users/Julia/Desktop/hdmi_vga_zybo1/hdmi_vga_zybo.srcs/sources_1/ip/thresh_0_2/thresh_0.xci]
INFO: [IP_Flow 19-1706] Not generating 'Simulation' target for IP 'thresh_0'. Target already exists and is up to date.
INFO: [Vivado 12-5457] ref source:C:/Users/Julia/Desktop/hdmi_vga_zybo1/hdmi_vga_zybo.srcs/sources_1/ip/rgb2ycbcr_0/rgb2ycbcr_0.xci
generate_target Simulation [get_files C:/Users/Julia/Desktop/hdmi_vga_zybo1/hdmi_vga_zybo.srcs/sources_1/ip/rgb2ycbcr_0/rgb2ycbcr_0.xci]
INFO: [IP_Flow 19-1706] Not generating 'Simulation' target for IP 'rgb2ycbcr_0'. Target already exists and is up to date.
INFO: [Vivado 12-5457] ref source:C:/Users/Julia/Desktop/hdmi_vga_zybo1/hdmi_vga_zybo.srcs/sources_1/ip/centroid_0/centroid_0.xci
generate_target Simulation [get_files C:/Users/Julia/Desktop/hdmi_vga_zybo1/hdmi_vga_zybo.srcs/sources_1/ip/centroid_0/centroid_0.xci]
INFO: [IP_Flow 19-1686] Generating 'Simulation' target for IP 'centroid_0'...
CRITICAL WARNING: [IP_Flow 19-3432] UI File c:/Users/Julia/Desktop/hdmi_vga_zybo1/divider_32_20_0/xgui/divider_32_20_v1_0.tcl does not exist
WARNING: [IP_Flow 19-2991] No XGUI Files found 
CRITICAL WARNING: [IP_Flow 19-4965] IP divider_32_20_0 was packaged with board value 'digilentinc.com:zybo:part0:1.0'. Current project's board value is 'digilentinc.com:zybo:part0:2.0'. Please update the project settings to match the packaged IP.
CRITICAL WARNING: [IP_Flow 19-4965] IP adder_centroid was packaged with board value 'digilentinc.com:zybo:part0:1.0'. Current project's board value is 'digilentinc.com:zybo:part0:2.0'. Please update the project settings to match the packaged IP.
CRITICAL WARNING: [IP_Flow 19-4965] IP mult_32_20_lm was packaged with board value 'digilentinc.com:zybo:part0:1.0'. Current project's board value is 'digilentinc.com:zybo:part0:2.0'. Please update the project settings to match the packaged IP.
INFO: [IP_Flow 19-3422] Upgraded mult_32_20_lm (Multiplier 12.0) from revision 12 to revision 18
launch_simulation
Command: launch_simulation 
INFO: [Vivado 12-12493] Simulation top is 'tb_hdmi'
WARNING: [Vivado 12-13340] Unable to auto find GCC executables from simulator install path! (path not set)
WARNING: [Vivado 12-13277] Compiled library path does not exist: ''
INFO: [Vivado 12-5698] Checking validity of IPs in the design for the 'XSim' simulator...
INFO: [Vivado 12-5682] Launching behavioral simulation in 'C:/Users/Julia/Desktop/hdmi_vga_zybo1/hdmi_vga_zybo.sim/sim_1/behav/xsim'
INFO: [Vivado 12-13660] Precompiled IP simulation library mode is enabled (default). The design IP libraries will be referenced from the compiled library path. Please note that if the precompiled version of the library is not found from the path or the IP is in locked state, then the library source files for these IPs will be compiled locally as part of the compile order.
INFO: [Vivado 12-4795] Using compiled simulation libraries for IPs
INFO: [SIM-utils-51] Simulation object is 'sim_1'
INFO: [SIM-utils-72] Using boost library from 'C:/Xilinx/Vivado/2022.2/tps/boost_1_72_0'
INFO: [USF-XSim-7] Finding pre-compiled libraries...
INFO: [USF-XSim-11] File 'C:/Xilinx/Vivado/2022.2/data/xsim/xsim.ini' copied to run dir:'C:/Users/Julia/Desktop/hdmi_vga_zybo1/hdmi_vga_zybo.sim/sim_1/behav/xsim'
INFO: [SIM-utils-54] Inspecting design source files for 'tb_hdmi' in fileset 'sim_1'...
INFO: [SIM-utils-43] Exported 'C:/Users/Julia/Desktop/hdmi_vga_zybo1/hdmi_vga_zybo.sim/sim_1/behav/xsim/LUT.mif'
INFO: [SIM-utils-43] Exported 'C:/Users/Julia/Desktop/hdmi_vga_zybo1/hdmi_vga_zybo.sim/sim_1/behav/xsim/ak.coe'
INFO: [SIM-utils-43] Exported 'C:/Users/Julia/Desktop/hdmi_vga_zybo1/hdmi_vga_zybo.sim/sim_1/behav/xsim/dgl_1080p_cea.data'
INFO: [SIM-utils-43] Exported 'C:/Users/Julia/Desktop/hdmi_vga_zybo1/hdmi_vga_zybo.sim/sim_1/behav/xsim/dgl_1280_1024_cea.data'
INFO: [SIM-utils-43] Exported 'C:/Users/Julia/Desktop/hdmi_vga_zybo1/hdmi_vga_zybo.sim/sim_1/behav/xsim/dgl_720p_cea.data'
INFO: [SIM-utils-43] Exported 'C:/Users/Julia/Desktop/hdmi_vga_zybo1/hdmi_vga_zybo.sim/sim_1/behav/xsim/lut.coe'
INFO: [SIM-utils-43] Exported 'C:/Users/Julia/Desktop/hdmi_vga_zybo1/hdmi_vga_zybo.sim/sim_1/behav/xsim/ak.coe'
INFO: [SIM-utils-43] Exported 'C:/Users/Julia/Desktop/hdmi_vga_zybo1/hdmi_vga_zybo.sim/sim_1/behav/xsim/lut.coe'
INFO: [SIM-utils-43] Exported 'C:/Users/Julia/Desktop/hdmi_vga_zybo1/hdmi_vga_zybo.sim/sim_1/behav/xsim/geirangerfjord_64.ppm'
INFO: [SIM-utils-43] Exported 'C:/Users/Julia/Desktop/hdmi_vga_zybo1/hdmi_vga_zybo.sim/sim_1/behav/xsim/reka.ppm'
INFO: [USF-XSim-97] Finding global include files...
INFO: [USF-XSim-98] Fetching design files from 'sim_1'...
INFO: [USF-XSim-2] XSim::Compile design
INFO: [USF-XSim-61] Executing 'COMPILE and ANALYZE' step in 'C:/Users/Julia/Desktop/hdmi_vga_zybo1/hdmi_vga_zybo.sim/sim_1/behav/xsim'
"xvlog --incr --relax -prj tb_hdmi_vlog.prj"
INFO: [VRFC 10-2263] Analyzing Verilog file "C:/Users/Julia/Desktop/hdmi_vga_zybo1/hdmi_vga_zybo.gen/sources_1/ip/centroid_0/src/divider_32_20_0/src/divider_32_20.v" into library xil_defaultlib
INFO: [VRFC 10-311] analyzing module divider_32_20
INFO: [VRFC 10-2263] Analyzing Verilog file "C:/Users/Julia/Desktop/hdmi_vga_zybo1/hdmi_vga_zybo.gen/sources_1/ip/centroid_0/src/divider_32_20_0/sim/divider_32_20_0.v" into library xil_defaultlib
INFO: [VRFC 10-311] analyzing module divider_32_20_0
INFO: [VRFC 10-2263] Analyzing Verilog file "C:/Users/Julia/Desktop/hdmi_vga_zybo1/hdmi_vga_zybo.gen/sources_1/ip/centroid_0/src/register.v" into library xil_defaultlib
INFO: [VRFC 10-311] analyzing module register
INFO: [VRFC 10-2263] Analyzing Verilog file "C:/Users/Julia/Desktop/hdmi_vga_zybo1/hdmi_vga_zybo.gen/sources_1/ip/centroid_0/src/sum_register.v" into library xil_defaultlib
INFO: [VRFC 10-311] analyzing module sum_register
INFO: [VRFC 10-2263] Analyzing Verilog file "C:/Users/Julia/Desktop/hdmi_vga_zybo1/hdmi_vga_zybo.gen/sources_1/ip/centroid_0/src/centroid.v" into library xil_defaultlib
INFO: [VRFC 10-311] analyzing module centroid
INFO: [VRFC 10-2263] Analyzing Verilog file "C:/Users/Julia/Desktop/hdmi_vga_zybo1/hdmi_vga_zybo.gen/sources_1/ip/centroid_0/sim/centroid_0.v" into library xil_defaultlib
INFO: [VRFC 10-311] analyzing module centroid_0
INFO: [VRFC 10-2263] Analyzing Verilog file "C:/Users/Julia/Desktop/hdmi_vga_zybo1/hdmi_vga_zybo.gen/sources_1/ip/thresh_0_2/src/thresh.v" into library xil_defaultlib
INFO: [VRFC 10-311] analyzing module thresh
INFO: [VRFC 10-2263] Analyzing Verilog file "C:/Users/Julia/Desktop/hdmi_vga_zybo1/hdmi_vga_zybo.gen/sources_1/ip/thresh_0_2/sim/thresh_0.v" into library xil_defaultlib
INFO: [VRFC 10-311] analyzing module thresh_0
INFO: [VRFC 10-2263] Analyzing Verilog file "C:/Users/Julia/Desktop/hdmi_vga_zybo1/hdmi_vga_zybo.gen/sources_1/ip/rgb2ycbcr_0/src/delay_line.v" into library xil_defaultlib
INFO: [VRFC 10-311] analyzing module delay_line
INFO: [VRFC 10-2263] Analyzing Verilog file "C:/Users/Julia/Desktop/hdmi_vga_zybo1/hdmi_vga_zybo.gen/sources_1/ip/rgb2ycbcr_0/src/single_register.v" into library xil_defaultlib
INFO: [VRFC 10-311] analyzing module single_register
INFO: [VRFC 10-2263] Analyzing Verilog file "C:/Users/Julia/Desktop/hdmi_vga_zybo1/hdmi_vga_zybo.gen/sources_1/ip/rgb2ycbcr_0/src/rgb2ycbcr.v" into library xil_defaultlib
INFO: [VRFC 10-311] analyzing module rgb2ycbcr
INFO: [VRFC 10-2263] Analyzing Verilog file "C:/Users/Julia/Desktop/hdmi_vga_zybo1/hdmi_vga_zybo.gen/sources_1/ip/rgb2ycbcr_0/sim/rgb2ycbcr_0.v" into library xil_defaultlib
INFO: [VRFC 10-311] analyzing module rgb2ycbcr_0
INFO: [VRFC 10-2263] Analyzing Verilog file "C:/Users/Julia/Desktop/hdmi_vga_zybo1/hdmi_vga_zybo.srcs/sim_1/imports/tb_src/hdmi_in.v" into library xil_defaultlib
INFO: [VRFC 10-311] analyzing module hdmi_in
INFO: [VRFC 10-2263] Analyzing Verilog file "C:/Users/Julia/Desktop/hdmi_vga_zybo1/hdmi_vga_zybo.srcs/sim_1/imports/tb_src/hdmi_out.v" into library xil_defaultlib
INFO: [VRFC 10-311] analyzing module hdmi_out
INFO: [VRFC 10-2263] Analyzing Verilog file "C:/Users/Julia/Desktop/hdmi_vga_zybo1/hdmi_vga_zybo.srcs/sources_1/new/vis_centroid.v" into library xil_defaultlib
INFO: [VRFC 10-311] analyzing module vis_centroid
INFO: [VRFC 10-2263] Analyzing Verilog file "C:/Users/Julia/Desktop/hdmi_vga_zybo1/hdmi_vga_zybo.srcs/sources_1/new/vp.v" into library xil_defaultlib
INFO: [VRFC 10-311] analyzing module vp
INFO: [VRFC 10-2263] Analyzing Verilog file "C:/Users/Julia/Desktop/hdmi_vga_zybo1/hdmi_vga_zybo.srcs/sim_1/imports/tb_src/tb_hdmi.v" into library xil_defaultlib
INFO: [VRFC 10-311] analyzing module tb_hdmi
"xvhdl --incr --relax -prj tb_hdmi_vhdl.prj"
INFO: [USF-XSim-69] 'compile' step finished in '3' seconds
INFO: [USF-XSim-3] XSim::Elaborate design
INFO: [USF-XSim-61] Executing 'ELABORATE' step in 'C:/Users/Julia/Desktop/hdmi_vga_zybo1/hdmi_vga_zybo.sim/sim_1/behav/xsim'
"xelab --incr --debug typical --relax --mt 2 -L xil_defaultlib -L xbip_utils_v3_0_10 -L c_reg_fd_v12_0_6 -L xbip_dsp48_wrapper_v3_0_4 -L xbip_pipe_v3_0_6 -L xbip_dsp48_addsub_v3_0_6 -L xbip_addsub_v3_0_6 -L c_addsub_v12_0_14 -L xbip_bram18k_v3_0_6 -L mult_gen_v12_0_18 -L unisims_ver -L unimacro_ver -L secureip -L xpm --snapshot tb_hdmi_behav xil_defaultlib.tb_hdmi xil_defaultlib.glbl -log elaborate.log"
Vivado Simulator v2022.2
Copyright 1986-1999, 2001-2022 Xilinx, Inc. All Rights Reserved.
Running: C:/Xilinx/Vivado/2022.2/bin/unwrapped/win64.o/xelab.exe --incr --debug typical --relax --mt 2 -L xil_defaultlib -L xbip_utils_v3_0_10 -L c_reg_fd_v12_0_6 -L xbip_dsp48_wrapper_v3_0_4 -L xbip_pipe_v3_0_6 -L xbip_dsp48_addsub_v3_0_6 -L xbip_addsub_v3_0_6 -L c_addsub_v12_0_14 -L xbip_bram18k_v3_0_6 -L mult_gen_v12_0_18 -L unisims_ver -L unimacro_ver -L secureip -L xpm --snapshot tb_hdmi_behav xil_defaultlib.tb_hdmi xil_defaultlib.glbl -log elaborate.log 
Using 2 slave threads.
Starting static elaboration
Pass Through NonSizing Optimizer
WARNING: [VRFC 10-9380] size mismatch in mixed-language port association of VHDL port 'b' [C:/Users/Julia/Desktop/hdmi_vga_zybo1/hdmi_vga_zybo.gen/sources_1/ip/rgb2ycbcr_0/src/rgb2ycbcr.v:174]
WARNING: [VRFC 10-3091] actual bit length 24 differs from formal bit length 1 for port 'mask' [C:/Users/Julia/Desktop/hdmi_vga_zybo1/hdmi_vga_zybo.srcs/sources_1/new/vp.v:89]
WARNING: [VRFC 10-3091] actual bit length 11 differs from formal bit length 32 for port 'quotient' [C:/Users/Julia/Desktop/hdmi_vga_zybo1/hdmi_vga_zybo.gen/sources_1/ip/centroid_0/src/centroid.v:117]
WARNING: [VRFC 10-3091] actual bit length 11 differs from formal bit length 32 for port 'quotient' [C:/Users/Julia/Desktop/hdmi_vga_zybo1/hdmi_vga_zybo.gen/sources_1/ip/centroid_0/src/centroid.v:127]
Completed static elaboration
Starting simulation data flow analysis
Completed simulation data flow analysis
Time Resolution for simulation is 1ps
Compiling package std.standard
Compiling package std.textio
Compiling package ieee.std_logic_1164
Compiling package ieee.numeric_std
Compiling package mult_gen_v12_0_18.mult_gen_v12_0_18_viv_comp
Compiling package xbip_utils_v3_0_10.xbip_utils_v3_0_10_pkg
Compiling package mult_gen_v12_0_18.mult_gen_v12_0_18_pkg
Compiling package ieee.std_logic_arith
Compiling package ieee.std_logic_signed
Compiling package unisim.vcomponents
Compiling package mult_gen_v12_0_18.dsp_pkg
Compiling package c_addsub_v12_0_14.c_addsub_v12_0_14_viv_comp
Compiling package xbip_pipe_v3_0_6.xbip_pipe_v3_0_6_viv_comp
Compiling package xbip_addsub_v3_0_6.xbip_addsub_v3_0_6_viv_comp
Compiling package c_addsub_v12_0_14.c_addsub_v12_0_14_pkg
Compiling package c_addsub_v12_0_14.c_addsub_v12_0_14_pkg_legacy
Compiling package c_reg_fd_v12_0_6.c_reg_fd_v12_0_6_viv_comp
Compiling package ieee.vital_timing
Compiling package ieee.vital_primitives
Compiling package unisim.vpkg
Compiling module xil_defaultlib.hdmi_in
Compiling architecture xilinx of entity mult_gen_v12_0_18.delay_line [\delay_line(c_xdevicefamily="zyn...]
Compiling architecture xilinx of entity mult_gen_v12_0_18.op_resize [\op_resize(ai_width=18,bi_width=...]
Compiling architecture xilinx of entity mult_gen_v12_0_18.dsp [\dsp(c_xdevicefamily="zynq",c_a_...]
Compiling architecture xilinx of entity mult_gen_v12_0_18.mult_gen_v12_0_18_viv [\mult_gen_v12_0_18_viv(c_verbosi...]
Compiling architecture xilinx of entity mult_gen_v12_0_18.mult_gen_v12_0_18 [\mult_gen_v12_0_18(c_xdevicefami...]
Compiling architecture mult_gen_0_arch of entity xil_defaultlib.mult_gen_0 [mult_gen_0_default]
Compiling architecture structural of entity c_reg_fd_v12_0_6.c_reg_fd_v12_0_6_viv [\c_reg_fd_v12_0_6_viv(c_width=9,...]
Compiling architecture muxcy_v of entity unisim.MUXCY [muxcy_default]
Compiling architecture xorcy_v of entity unisim.XORCY [xorcy_default]
Compiling architecture rtl of entity c_addsub_v12_0_14.c_addsub_v12_0_14_lut6_legacy [\c_addsub_v12_0_14_lut6_legacy(c...]
Compiling architecture synth of entity c_addsub_v12_0_14.c_addsub_v12_0_14_fabric_legacy [\c_addsub_v12_0_14_fabric_legacy...]
Compiling architecture synth of entity c_addsub_v12_0_14.c_addsub_v12_0_14_legacy [\c_addsub_v12_0_14_legacy(c_fami...]
Compiling architecture synth of entity c_addsub_v12_0_14.c_addsub_v12_0_14_viv [\c_addsub_v12_0_14_viv(c_xdevice...]
Compiling architecture xilinx of entity c_addsub_v12_0_14.c_addsub_v12_0_14 [\c_addsub_v12_0_14(c_xdevicefami...]
Compiling architecture c_addsub_0_arch of entity xil_defaultlib.c_addsub_0 [c_addsub_0_default]
Compiling module xil_defaultlib.single_register(N=3)
Compiling module xil_defaultlib.delay_line(N=3,DELAY=6)
Compiling module xil_defaultlib.rgb2ycbcr
Compiling module xil_defaultlib.rgb2ycbcr_0
Compiling module xil_defaultlib.thresh
Compiling module xil_defaultlib.thresh_0
Compiling architecture rtl of entity c_addsub_v12_0_14.c_addsub_v12_0_14_lut6_legacy [\c_addsub_v12_0_14_lut6_legacy(c...]
Compiling architecture synth of entity c_addsub_v12_0_14.c_addsub_v12_0_14_fabric_legacy [\c_addsub_v12_0_14_fabric_legacy...]
Compiling architecture synth of entity c_addsub_v12_0_14.c_addsub_v12_0_14_legacy [\c_addsub_v12_0_14_legacy(c_fami...]
Compiling architecture synth of entity c_addsub_v12_0_14.c_addsub_v12_0_14_viv [\c_addsub_v12_0_14_viv(c_xdevice...]
Compiling architecture xilinx of entity c_addsub_v12_0_14.c_addsub_v12_0_14 [\c_addsub_v12_0_14(c_xdevicefami...]
Compiling architecture adder_centroid_arch of entity xil_defaultlib.adder_centroid [adder_centroid_default]
Compiling module xil_defaultlib.register
Compiling module xil_defaultlib.sum_register
Compiling architecture xilinx of entity mult_gen_v12_0_18.delay_line [\delay_line(c_xdevicefamily="zyn...]
Compiling architecture xilinx of entity mult_gen_v12_0_18.delay_line [\delay_line(c_xdevicefamily="zyn...]
Compiling architecture xilinx of entity mult_gen_v12_0_18.delay_line [\delay_line(c_xdevicefamily="zyn...]
Compiling architecture xilinx of entity mult_gen_v12_0_18.delay_line [\delay_line(c_xdevicefamily="zyn...]
Compiling architecture dsp48e1_v of entity unisim.DSP48E1 [\DSP48E1(alumodereg=0,carryinreg...]
Compiling architecture xilinx of entity mult_gen_v12_0_18.delay_line [\delay_line(c_xdevicefamily="zyn...]
Compiling architecture dsp48e1_v of entity unisim.DSP48E1 [\DSP48E1(a_input="CASCADE",bcasc...]
Compiling architecture xilinx of entity mult_gen_v12_0_18.op_resize [\op_resize(ai_width=32,bi_width=...]
Compiling architecture xilinx of entity mult_gen_v12_0_18.dsp [\dsp(c_xdevicefamily="zynq",c_a_...]
Compiling architecture xilinx of entity mult_gen_v12_0_18.mult_gen_v12_0_18_viv [\mult_gen_v12_0_18_viv(c_verbosi...]
Compiling architecture xilinx of entity mult_gen_v12_0_18.mult_gen_v12_0_18 [\mult_gen_v12_0_18(c_xdevicefami...]
Compiling architecture mult_32_20_lm_arch of entity xil_defaultlib.mult_32_20_lm [mult_32_20_lm_default]
Compiling module xil_defaultlib.divider_32_20
Compiling module xil_defaultlib.divider_32_20_0
Compiling module xil_defaultlib.centroid
Compiling module xil_defaultlib.centroid_0
Compiling module xil_defaultlib.vis_centroid
Compiling module xil_defaultlib.vp
Compiling module xil_defaultlib.hdmi_out
Compiling module xil_defaultlib.tb_hdmi
Compiling module xil_defaultlib.glbl
Built simulation snapshot tb_hdmi_behav
run_program: Time (s): cpu = 00:00:01 ; elapsed = 00:00:08 . Memory (MB): peak = 1470.492 ; gain = 0.000
INFO: [USF-XSim-69] 'elaborate' step finished in '8' seconds
INFO: [USF-XSim-4] XSim::Simulate design
INFO: [USF-XSim-61] Executing 'SIMULATE' step in 'C:/Users/Julia/Desktop/hdmi_vga_zybo1/hdmi_vga_zybo.sim/sim_1/behav/xsim'
INFO: [USF-XSim-98] *** Running xsim
   with args "tb_hdmi_behav -key {Behavioral:sim_1:Functional:tb_hdmi} -tclbatch {tb_hdmi.tcl} -log {simulate.log}"
INFO: [USF-XSim-8] Loading simulator feature
Time resolution is 1 ps
source tb_hdmi.tcl
# set curr_wave [current_wave_config]
# if { [string length $curr_wave] == 0 } {
#   if { [llength [get_objects]] > 0} {
#     add_wave /
#     set_property needs_save false [current_wave_config]
#   } else {
#      send_msg_id Add_Wave-1 WARNING "No top level signals found. Simulator will start without a wave window. If you want to open a wave window go to 'File->New Waveform Configuration' or type 'create_wave_config' in the TCL console."
#   }
# }
# run 1000ns
INFO: [USF-XSim-96] XSim completed. Design snapshot 'tb_hdmi_behav' loaded.
INFO: [USF-XSim-97] XSim simulation ran for 1000ns
launch_simulation: Time (s): cpu = 00:00:10 ; elapsed = 00:00:19 . Memory (MB): peak = 1515.406 ; gain = 44.914
update_compile_order -fileset sources_1
add_force {/tb_hdmi/sw} -radix hex {3 0ns}
run 10 us
out  0.ppm saved
run 10 us
out  1.ppm saved
run 10 us
out  2.ppm saved
close_sim
INFO: [Simtcl 6-16] Simulation closed
exit
INFO: [Common 17-206] Exiting Vivado at Mon May 15 01:19:06 2023...
