#-----------------------------------------------------------
# Vivado v2022.2 (64-bit)
# SW Build 3671981 on Fri Oct 14 05:00:03 MDT 2022
# IP Build 3669848 on Fri Oct 14 08:30:02 MDT 2022
# Start of session at: Thu Jun  1 03:25:02 2023
# Process ID: 18092
# Current directory: C:/Users/Julia/Desktop/hdmi_vga_zybo2
# Command line: vivado.exe -gui_launcher_event rodinguilauncherevent2876 C:\Users\Julia\Desktop\hdmi_vga_zybo2\hdmi_vga_zybo.xpr
# Log file: C:/Users/Julia/Desktop/hdmi_vga_zybo2/vivado.log
# Journal file: C:/Users/Julia/Desktop/hdmi_vga_zybo2\vivado.jou
# Running On: LAPTOP-73BI56TU, OS: Windows, CPU Frequency: 2895 MHz, CPU Physical cores: 16, Host memory: 16559 MB
#-----------------------------------------------------------
start_gui
open_project C:/Users/Julia/Desktop/hdmi_vga_zybo2/hdmi_vga_zybo.xpr
WARNING: [Board 49-26] cannot add Board Part xilinx.com:ac701:part0:1.4 available at C:/Xilinx/Vivado/2022.2/data/xhub/boards/XilinxBoardStore/boards/Xilinx/ac701/1.4/board.xml as part xc7a200tfbg676-2 specified in board_part file is either invalid or not available
WARNING: [Board 49-26] cannot add Board Part xilinx.com:k26c:part0:1.2 available at C:/Xilinx/Vivado/2022.2/data/xhub/boards/XilinxBoardStore/boards/Xilinx/k26c/1.2/board.xml as part xck26-sfvc784-2lv-c specified in board_part file is either invalid or not available
WARNING: [Board 49-26] cannot add Board Part xilinx.com:k26c:part0:1.3 available at C:/Xilinx/Vivado/2022.2/data/xhub/boards/XilinxBoardStore/boards/Xilinx/k26c/1.3/board.xml as part xck26-sfvc784-2lv-c specified in board_part file is either invalid or not available
WARNING: [Board 49-26] cannot add Board Part xilinx.com:k26c:part0:1.4 available at C:/Xilinx/Vivado/2022.2/data/xhub/boards/XilinxBoardStore/boards/Xilinx/k26c/1.4/board.xml as part xck26-sfvc784-2lv-c specified in board_part file is either invalid or not available
WARNING: [Board 49-26] cannot add Board Part xilinx.com:k26i:part0:1.2 available at C:/Xilinx/Vivado/2022.2/data/xhub/boards/XilinxBoardStore/boards/Xilinx/k26i/1.2/board.xml as part xck26-sfvc784-2lvi-i specified in board_part file is either invalid or not available
WARNING: [Board 49-26] cannot add Board Part xilinx.com:k26i:part0:1.3 available at C:/Xilinx/Vivado/2022.2/data/xhub/boards/XilinxBoardStore/boards/Xilinx/k26i/1.3/board.xml as part xck26-sfvc784-2lvi-i specified in board_part file is either invalid or not available
WARNING: [Board 49-26] cannot add Board Part xilinx.com:k26i:part0:1.4 available at C:/Xilinx/Vivado/2022.2/data/xhub/boards/XilinxBoardStore/boards/Xilinx/k26i/1.4/board.xml as part xck26-sfvc784-2lvi-i specified in board_part file is either invalid or not available
WARNING: [Board 49-26] cannot add Board Part xilinx.com:kc705:part0:1.6 available at C:/Xilinx/Vivado/2022.2/data/xhub/boards/XilinxBoardStore/boards/Xilinx/kc705/1.6/board.xml as part xc7k325tffg900-2 specified in board_part file is either invalid or not available
WARNING: [Board 49-26] cannot add Board Part xilinx.com:kcu105:part0:1.6 available at C:/Xilinx/Vivado/2022.2/data/xhub/boards/XilinxBoardStore/boards/Xilinx/kcu105/1.6/board.xml as part xcku040-ffva1156-2-e specified in board_part file is either invalid or not available
WARNING: [Board 49-26] cannot add Board Part xilinx.com:kcu105:part0:1.7 available at C:/Xilinx/Vivado/2022.2/data/xhub/boards/XilinxBoardStore/boards/Xilinx/kcu105/1.7/board.xml as part xcku040-ffva1156-2-e specified in board_part file is either invalid or not available
WARNING: [Board 49-26] cannot add Board Part xilinx.com:kcu116:part0:1.4 available at C:/Xilinx/Vivado/2022.2/data/xhub/boards/XilinxBoardStore/boards/Xilinx/kcu116/1.4/board.xml as part xcku5p-ffvb676-2-e specified in board_part file is either invalid or not available
WARNING: [Board 49-26] cannot add Board Part xilinx.com:kcu116:part0:1.5 available at C:/Xilinx/Vivado/2022.2/data/xhub/boards/XilinxBoardStore/boards/Xilinx/kcu116/1.5/board.xml as part xcku5p-ffvb676-2-e specified in board_part file is either invalid or not available
WARNING: [Board 49-26] cannot add Board Part xilinx.com:kr260_som:part0:1.0 available at C:/Xilinx/Vivado/2022.2/data/xhub/boards/XilinxBoardStore/boards/Xilinx/kr260_som/1.0/board.xml as part xck26-sfvc784-2lv-c specified in board_part file is either invalid or not available
WARNING: [Board 49-26] cannot add Board Part xilinx.com:kr260_som:part0:1.1 available at C:/Xilinx/Vivado/2022.2/data/xhub/boards/XilinxBoardStore/boards/Xilinx/kr260_som/1.1/board.xml as part xck26-sfvc784-2lv-c specified in board_part file is either invalid or not available
WARNING: [Board 49-26] cannot add Board Part xilinx.com:kv260_som:part0:1.2 available at C:/Xilinx/Vivado/2022.2/data/xhub/boards/XilinxBoardStore/boards/Xilinx/kv260_som/1.2/board.xml as part xck26-sfvc784-2lv-c specified in board_part file is either invalid or not available
WARNING: [Board 49-26] cannot add Board Part xilinx.com:kv260_som:part0:1.3 available at C:/Xilinx/Vivado/2022.2/data/xhub/boards/XilinxBoardStore/boards/Xilinx/kv260_som/1.3/board.xml as part xck26-sfvc784-2lv-c specified in board_part file is either invalid or not available
WARNING: [Board 49-26] cannot add Board Part xilinx.com:kv260_som:part0:1.4 available at C:/Xilinx/Vivado/2022.2/data/xhub/boards/XilinxBoardStore/boards/Xilinx/kv260_som/1.4/board.xml as part xck26-sfvc784-2lv-c specified in board_part file is either invalid or not available
WARNING: [Board 49-26] cannot add Board Part xilinx.com:sp701:part0:1.0 available at C:/Xilinx/Vivado/2022.2/data/xhub/boards/XilinxBoardStore/boards/Xilinx/sp701/1.0/board.xml as part xc7s100fgga676-2 specified in board_part file is either invalid or not available
WARNING: [Board 49-26] cannot add Board Part xilinx.com:sp701:part0:1.1 available at C:/Xilinx/Vivado/2022.2/data/xhub/boards/XilinxBoardStore/boards/Xilinx/sp701/1.1/board.xml as part xc7s100fgga676-2 specified in board_part file is either invalid or not available
WARNING: [Board 49-26] cannot add Board Part xilinx.com:vc707:part0:1.4 available at C:/Xilinx/Vivado/2022.2/data/xhub/boards/XilinxBoardStore/boards/Xilinx/vc707/1.4/board.xml as part xc7vx485tffg1761-2 specified in board_part file is either invalid or not available
WARNING: [Board 49-26] cannot add Board Part xilinx.com:vc709:part0:1.8 available at C:/Xilinx/Vivado/2022.2/data/xhub/boards/XilinxBoardStore/boards/Xilinx/vc709/1.8/board.xml as part xc7vx690tffg1761-2 specified in board_part file is either invalid or not available
WARNING: [Board 49-26] cannot add Board Part xilinx.com:vcu108:part0:1.6 available at C:/Xilinx/Vivado/2022.2/data/xhub/boards/XilinxBoardStore/boards/Xilinx/vcu108/1.6/board.xml as part xcvu095-ffva2104-2-e specified in board_part file is either invalid or not available
WARNING: [Board 49-26] cannot add Board Part xilinx.com:vcu108:part0:1.7 available at C:/Xilinx/Vivado/2022.2/data/xhub/boards/XilinxBoardStore/boards/Xilinx/vcu108/1.7/board.xml as part xcvu095-ffva2104-2-e specified in board_part file is either invalid or not available
WARNING: [Board 49-26] cannot add Board Part xilinx.com:vcu110:part0:1.4 available at C:/Xilinx/Vivado/2022.2/data/xhub/boards/XilinxBoardStore/boards/Xilinx/vcu110/1.4/board.xml as part xcvu190-flgc2104-2-e specified in board_part file is either invalid or not available
WARNING: [Board 49-26] cannot add Board Part xilinx.com:vcu128:part0:1.0 available at C:/Xilinx/Vivado/2022.2/data/xhub/boards/XilinxBoardStore/boards/Xilinx/vcu128/production/1.0/board.xml as part xcvu37p-fsvh2892-2l-e specified in board_part file is either invalid or not available
WARNING: [Board 49-26] cannot add Board Part xilinx.com:vcu129:part0:1.0 available at C:/Xilinx/Vivado/2022.2/data/xhub/boards/XilinxBoardStore/boards/Xilinx/vcu129/production/1.0/board.xml as part xcvu29p-fsga2577-2l-e specified in board_part file is either invalid or not available
WARNING: [Board 49-26] cannot add Board Part xilinx.com:vek280_es:part0:1.0 available at C:/Xilinx/Vivado/2022.2/data/xhub/boards/XilinxBoardStore/boards/Xilinx/vek280/es/1.0/board.xml as part xcve2802-vsvh1760-2lp-e-s-es1 specified in board_part file is either invalid or not available
WARNING: [Board 49-26] cannot add Board Part xilinx.com:vermeo_t1_mpsoc:part0:1.0 available at C:/Xilinx/Vivado/2022.2/data/xhub/boards/XilinxBoardStore/boards/Xilinx/vermeo_t1_mpsoc/1.0/board.xml as part xczu19eg-ffvd1760-2l-e specified in board_part file is either invalid or not available
WARNING: [Board 49-26] cannot add Board Part xilinx.com:vermeo_t1_rfsoc:part0:1.0 available at C:/Xilinx/Vivado/2022.2/data/xhub/boards/XilinxBoardStore/boards/Xilinx/vermeo_t1_rfsoc/1.0/board.xml as part xczu21dr-ffvd1156-2l-e specified in board_part file is either invalid or not available
WARNING: [Board 49-26] cannot add Board Part xilinx.com:vhk158_es:part0:1.0 available at C:/Xilinx/Vivado/2022.2/data/xhub/boards/XilinxBoardStore/boards/Xilinx/vhk158/es/1.0/board.xml as part xcvh1582-vsva3697-2mp-e-s-es1 specified in board_part file is either invalid or not available
WARNING: [Board 49-26] cannot add Board Part xilinx.com:vmk180:part0:2.2 available at C:/Xilinx/Vivado/2022.2/data/xhub/boards/XilinxBoardStore/boards/Xilinx/vmk180/production/2.2/board.xml as part xcvm1802-vsva2197-2mp-e-s specified in board_part file is either invalid or not available
WARNING: [Board 49-26] cannot add Board Part xilinx.com:vmk180:part0:3.0 available at C:/Xilinx/Vivado/2022.2/data/xhub/boards/XilinxBoardStore/boards/Xilinx/vmk180/production/3.0/board.xml as part xcvm1802-vsva2197-2mp-e-s specified in board_part file is either invalid or not available
WARNING: [Board 49-26] cannot add Board Part xilinx.com:vmk180:part0:3.1 available at C:/Xilinx/Vivado/2022.2/data/xhub/boards/XilinxBoardStore/boards/Xilinx/vmk180/production/3.1/board.xml as part xcvm1802-vsva2197-2mp-e-s specified in board_part file is either invalid or not available
WARNING: [Board 49-26] cannot add Board Part xilinx.com:vmk180_newl:part0:1.0 available at C:/Xilinx/Vivado/2022.2/data/xhub/boards/XilinxBoardStore/boards/Xilinx/vmk180_newl/production/1.0/board.xml as part xcvm1802-vsva2197-2mp-e-s specified in board_part file is either invalid or not available
WARNING: [Board 49-26] cannot add Board Part xilinx.com:vpk120:part0:1.0 available at C:/Xilinx/Vivado/2022.2/data/xhub/boards/XilinxBoardStore/boards/Xilinx/vpk120/production/1.0/board.xml as part xcvp1202-vsva2785-2mp-e-s specified in board_part file is either invalid or not available
WARNING: [Board 49-26] cannot add Board Part xilinx.com:vpk120_es:part0:1.2 available at C:/Xilinx/Vivado/2022.2/data/xhub/boards/XilinxBoardStore/boards/Xilinx/vpk120/es/1.2/board.xml as part xcvp1202-vsva2785-2mp-e-s-es1 specified in board_part file is either invalid or not available
WARNING: [Board 49-26] cannot add Board Part xilinx.com:vpk120_es_revb:part0:1.0 available at C:/Xilinx/Vivado/2022.2/data/xhub/boards/XilinxBoardStore/boards/Xilinx/vpk120_revb/es/1.0/board.xml as part xcvp1202-vsva2785-2mp-e-s-es1 specified in board_part file is either invalid or not available
WARNING: [Board 49-26] cannot add Board Part xilinx.com:vpk180_es:part0:1.0 available at C:/Xilinx/Vivado/2022.2/data/xhub/boards/XilinxBoardStore/boards/Xilinx/vpk180/es/1.0/board.xml as part xcvp1802-lsvc4072-2mp-e-s-es1 specified in board_part file is either invalid or not available
WARNING: [Board 49-26] cannot add Board Part xilinx.com:zcu111:part0:1.2 available at C:/Xilinx/Vivado/2022.2/data/xhub/boards/XilinxBoardStore/boards/Xilinx/zcu111/1.2/board.xml as part xczu28dr-ffvg1517-2-e specified in board_part file is either invalid or not available
WARNING: [Board 49-26] cannot add Board Part xilinx.com:zcu111:part0:1.3 available at C:/Xilinx/Vivado/2022.2/data/xhub/boards/XilinxBoardStore/boards/Xilinx/zcu111/1.3/board.xml as part xczu28dr-ffvg1517-2-e specified in board_part file is either invalid or not available
WARNING: [Board 49-26] cannot add Board Part xilinx.com:zcu111:part0:1.4 available at C:/Xilinx/Vivado/2022.2/data/xhub/boards/XilinxBoardStore/boards/Xilinx/zcu111/1.4/board.xml as part xczu28dr-ffvg1517-2-e specified in board_part file is either invalid or not available
WARNING: [Board 49-26] cannot add Board Part xilinx.com:zcu1275:part0:1.0 available at C:/Xilinx/Vivado/2022.2/data/xhub/boards/XilinxBoardStore/boards/Xilinx/zcu1275/1.0/board.xml as part xczu29dr-ffvf1760-2-e specified in board_part file is either invalid or not available
WARNING: [Board 49-26] cannot add Board Part xilinx.com:zcu1285:part0:1.0 available at C:/Xilinx/Vivado/2022.2/data/xhub/boards/XilinxBoardStore/boards/Xilinx/zcu1285/1.0/board.xml as part xczu39dr-ffvf1760-2-i specified in board_part file is either invalid or not available
WARNING: [Board 49-26] cannot add Board Part xilinx.com:zcu208:part0:2.0 available at C:/Xilinx/Vivado/2022.2/data/xhub/boards/XilinxBoardStore/boards/Xilinx/zcu208/production/2.0/board.xml as part xczu48dr-fsvg1517-2-e specified in board_part file is either invalid or not available
WARNING: [Board 49-26] cannot add Board Part xilinx.com:zcu208ld:part0:2.0 available at C:/Xilinx/Vivado/2022.2/data/xhub/boards/XilinxBoardStore/boards/Xilinx/zcu208ld/production/2.0/board.xml as part xczu58dr-fsvg1517-2-i specified in board_part file is either invalid or not available
WARNING: [Board 49-26] cannot add Board Part xilinx.com:zcu216:part0:2.0 available at C:/Xilinx/Vivado/2022.2/data/xhub/boards/XilinxBoardStore/boards/Xilinx/zcu216/production/2.0/board.xml as part xczu49dr-ffvf1760-2-e specified in board_part file is either invalid or not available
WARNING: [Board 49-26] cannot add Board Part xilinx.com:zcu216ld:part0:2.0 available at C:/Xilinx/Vivado/2022.2/data/xhub/boards/XilinxBoardStore/boards/Xilinx/zcu216ld/production/2.0/board.xml as part xczu59dr-ffvf1760-2-i specified in board_part file is either invalid or not available
WARNING: [Board 49-26] cannot add Board Part xilinx.com:zcu670:part0:2.0 available at C:/Xilinx/Vivado/2022.2/data/xhub/boards/XilinxBoardStore/boards/Xilinx/zcu670/2.0/board.xml as part xczu67dr-fsve1156-2-i specified in board_part file is either invalid or not available
WARNING: [Board 49-26] cannot add Board Part xilinx.com:zcu670ld:part0:1.0 available at C:/Xilinx/Vivado/2022.2/data/xhub/boards/XilinxBoardStore/boards/Xilinx/zcu670ld/1.0/board.xml as part xczu57dr-fsve1156-2-i specified in board_part file is either invalid or not available
WARNING: [filemgmt 56-3] IP Repository Path: Could not find the directory 'C:/Users/Julia/Desktop/cenip'.
CRITICAL WARNING: [Project 1-19] Could not find the file 'C:/Users/Julia/Desktop/ak.coe'.
Scanning sources...
Finished scanning sources
INFO: [IP_Flow 19-234] Refreshing IP repositories
INFO: [IP_Flow 19-1700] Loaded user IP repository 'c:/Users/Julia/Desktop/SR/ip_core'.
INFO: [IP_Flow 19-1700] Loaded user IP repository 'c:/Users/Julia/Desktop/SR/vivado-library'.
INFO: [IP_Flow 19-1700] Loaded user IP repository 'c:/Users/Julia/Desktop/hdmi_vga_zybo2/divider_32_20_0'.
INFO: [IP_Flow 19-1700] Loaded user IP repository 'c:/Users/Julia/Desktop/SR/Projekty/accum'.
INFO: [IP_Flow 19-1700] Loaded user IP repository 'c:/Users/Julia/Desktop/SR/threshold_ip'.
INFO: [IP_Flow 19-1700] Loaded user IP repository 'c:/Users/Julia/Desktop/SR/filtr_ip'.
WARNING: [IP_Flow 19-2248] Failed to load user IP repository 'c:/Users/Julia/Desktop/cenip'; Can't find the specified path.
If this directory should no longer be in your list of user repositories, go to the IP Settings dialog and remove it.
INFO: [IP_Flow 19-2313] Loaded Vivado IP repository 'C:/Xilinx/Vivado/2022.2/data/ip'.
WARNING: [IP_Flow 19-2162] IP 'median5x5_0' is locked:
* IP definition 'median5x5_v1_0 (1.0)' for IP 'median5x5_0' (customized with software release 2022.2) has a different revision in the IP Catalog.
open_project: Time (s): cpu = 00:00:25 ; elapsed = 00:00:12 . Memory (MB): peak = 1349.586 ; gain = 276.332
update_module_reference hdmi_vga_vp_0_0
INFO: [IP_Flow 19-5107] Inferred bus interface 'clk' of definition 'xilinx.com:signal:clock:1.0' (from Xilinx Repository).
WARNING: [IP_Flow 19-5661] Bus Interface 'clk' does not have any bus interfaces associated with it.
INFO: [IP_Flow 19-234] Refreshing IP repositories
INFO: [IP_Flow 19-1700] Loaded user IP repository 'c:/Users/Julia/Desktop/SR/ip_core'.
INFO: [IP_Flow 19-1700] Loaded user IP repository 'c:/Users/Julia/Desktop/SR/vivado-library'.
INFO: [IP_Flow 19-1700] Loaded user IP repository 'c:/Users/Julia/Desktop/hdmi_vga_zybo2/divider_32_20_0'.
INFO: [IP_Flow 19-1700] Loaded user IP repository 'c:/Users/Julia/Desktop/SR/Projekty/accum'.
INFO: [IP_Flow 19-1700] Loaded user IP repository 'c:/Users/Julia/Desktop/SR/threshold_ip'.
INFO: [IP_Flow 19-1700] Loaded user IP repository 'c:/Users/Julia/Desktop/SR/filtr_ip'.
WARNING: [IP_Flow 19-2248] Failed to load user IP repository 'c:/Users/Julia/Desktop/cenip'; Can't find the specified path.
If this directory should no longer be in your list of user repositories, go to the IP Settings dialog and remove it.
Reading block design file <C:/Users/Julia/Desktop/hdmi_vga_zybo2/hdmi_vga_zybo.srcs/sources_1/bd/hdmi_vga/hdmi_vga.bd>...
Adding component instance block -- digilentinc.com:ip:rgb2vga:1.0 - rgb2vga_0
Adding component instance block -- xilinx.com:ip:xlconstant:1.1 - xlconstant_0
Adding component instance block -- xilinx.com:ip:xlconstant:1.1 - xlconstant_1
Adding component instance block -- xilinx.com:ip:clk_wiz:6.0 - clk_wiz_0
Adding component instance block -- digilentinc.com:ip:dvi2rgb:2.0 - dvi2rgb_0
Adding component instance block -- xilinx.com:module_ref:vp:1.0 - vp_0
Successfully read diagram <hdmi_vga> from block design file <C:/Users/Julia/Desktop/hdmi_vga_zybo2/hdmi_vga_zybo.srcs/sources_1/bd/hdmi_vga/hdmi_vga.bd>
Upgrading 'C:/Users/Julia/Desktop/hdmi_vga_zybo2/hdmi_vga_zybo.srcs/sources_1/bd/hdmi_vga/hdmi_vga.bd'
INFO: [IP_Flow 19-3420] Updated hdmi_vga_vp_0_0 to use current project options
Wrote  : <C:\Users\Julia\Desktop\hdmi_vga_zybo2\hdmi_vga_zybo.srcs\sources_1\bd\hdmi_vga\hdmi_vga.bd> 
Wrote  : <C:/Users/Julia/Desktop/hdmi_vga_zybo2/hdmi_vga_zybo.srcs/sources_1/bd/hdmi_vga/ui/bd_390e6c89.ui> 
upgrade_ip: Time (s): cpu = 00:00:14 ; elapsed = 00:00:09 . Memory (MB): peak = 1469.352 ; gain = 118.293
update_module_reference: Time (s): cpu = 00:00:15 ; elapsed = 00:00:09 . Memory (MB): peak = 1469.352 ; gain = 118.293
update_compile_order -fileset sources_1
export_ip_user_files -of_objects  [get_files C:/Users/Julia/Desktop/ak.coe] -no_script -reset -force -quiet
remove_files  C:/Users/Julia/Desktop/ak.coe
upgrade_ip -srcset median5x5_0 -vlnv xilinx.com:user:median5x5:1.0 [get_ips  median5x5_0] -log ip_upgrade.log
Upgrading 'median5x5_0'
INFO: [Project 1-386] Moving file 'C:/Users/Julia/Desktop/hdmi_vga_zybo2/hdmi_vga_zybo.srcs/sources_1/ip/median5x5_0_2/median5x5_0.xci' from fileset 'median5x5_0' to fileset 'sources_1'.
INFO: [IP_Flow 19-3422] Upgraded median5x5_0 (median5x5_v1_0 1.0) from revision 22 to revision 3
INFO: [IP_Flow 19-1686] Generating 'Instantiation Template' target for IP 'median5x5_0'...
INFO: [Coretcl 2-1525] Wrote upgrade log to 'C:/Users/Julia/Desktop/hdmi_vga_zybo2/ip_upgrade.log'.
export_ip_user_files -of_objects [get_ips median5x5_0] -no_script -sync -force -quiet
update_compile_order -fileset sources_1
update_module_reference hdmi_vga_vp_0_0
INFO: [IP_Flow 19-5107] Inferred bus interface 'clk' of definition 'xilinx.com:signal:clock:1.0' (from Xilinx Repository).
WARNING: [IP_Flow 19-5661] Bus Interface 'clk' does not have any bus interfaces associated with it.
INFO: [IP_Flow 19-234] Refreshing IP repositories
INFO: [IP_Flow 19-1700] Loaded user IP repository 'c:/Users/Julia/Desktop/SR/ip_core'.
INFO: [IP_Flow 19-1700] Loaded user IP repository 'c:/Users/Julia/Desktop/SR/vivado-library'.
INFO: [IP_Flow 19-1700] Loaded user IP repository 'c:/Users/Julia/Desktop/hdmi_vga_zybo2/divider_32_20_0'.
INFO: [IP_Flow 19-1700] Loaded user IP repository 'c:/Users/Julia/Desktop/SR/Projekty/accum'.
INFO: [IP_Flow 19-1700] Loaded user IP repository 'c:/Users/Julia/Desktop/SR/threshold_ip'.
INFO: [IP_Flow 19-1700] Loaded user IP repository 'c:/Users/Julia/Desktop/SR/filtr_ip'.
WARNING: [IP_Flow 19-2248] Failed to load user IP repository 'c:/Users/Julia/Desktop/cenip'; Can't find the specified path.
If this directory should no longer be in your list of user repositories, go to the IP Settings dialog and remove it.
Upgrading 'C:/Users/Julia/Desktop/hdmi_vga_zybo2/hdmi_vga_zybo.srcs/sources_1/bd/hdmi_vga/hdmi_vga.bd'
INFO: [IP_Flow 19-3420] Updated hdmi_vga_vp_0_0 to use current project options
Wrote  : <C:\Users\Julia\Desktop\hdmi_vga_zybo2\hdmi_vga_zybo.srcs\sources_1\bd\hdmi_vga\hdmi_vga.bd> 
Wrote  : <C:/Users/Julia/Desktop/hdmi_vga_zybo2/hdmi_vga_zybo.srcs/sources_1/bd/hdmi_vga/ui/bd_390e6c89.ui> 
update_module_reference hdmi_vga_vp_0_0
INFO: [IP_Flow 19-5107] Inferred bus interface 'clk' of definition 'xilinx.com:signal:clock:1.0' (from Xilinx Repository).
WARNING: [IP_Flow 19-5661] Bus Interface 'clk' does not have any bus interfaces associated with it.
INFO: [IP_Flow 19-234] Refreshing IP repositories
INFO: [IP_Flow 19-1700] Loaded user IP repository 'c:/Users/Julia/Desktop/SR/ip_core'.
INFO: [IP_Flow 19-1700] Loaded user IP repository 'c:/Users/Julia/Desktop/SR/vivado-library'.
INFO: [IP_Flow 19-1700] Loaded user IP repository 'c:/Users/Julia/Desktop/hdmi_vga_zybo2/divider_32_20_0'.
INFO: [IP_Flow 19-1700] Loaded user IP repository 'c:/Users/Julia/Desktop/SR/Projekty/accum'.
INFO: [IP_Flow 19-1700] Loaded user IP repository 'c:/Users/Julia/Desktop/SR/threshold_ip'.
INFO: [IP_Flow 19-1700] Loaded user IP repository 'c:/Users/Julia/Desktop/SR/filtr_ip'.
WARNING: [IP_Flow 19-2248] Failed to load user IP repository 'c:/Users/Julia/Desktop/cenip'; Can't find the specified path.
If this directory should no longer be in your list of user repositories, go to the IP Settings dialog and remove it.
Upgrading 'C:/Users/Julia/Desktop/hdmi_vga_zybo2/hdmi_vga_zybo.srcs/sources_1/bd/hdmi_vga/hdmi_vga.bd'
INFO: [IP_Flow 19-3420] Updated hdmi_vga_vp_0_0 to use current project options
Wrote  : <C:\Users\Julia\Desktop\hdmi_vga_zybo2\hdmi_vga_zybo.srcs\sources_1\bd\hdmi_vga\hdmi_vga.bd> 
Wrote  : <C:/Users/Julia/Desktop/hdmi_vga_zybo2/hdmi_vga_zybo.srcs/sources_1/bd/hdmi_vga/ui/bd_390e6c89.ui> 
import_files -norecurse {C:/Users/Julia/Desktop/hdmi_vga_zybo2_final/hdmi_vga_zybo.srcs/sources_1/imports/Downloads/erozja.v C:/Users/Julia/Desktop/hdmi_vga_zybo2_final/hdmi_vga_zybo.srcs/sources_1/imports/Downloads/dylatacja.v C:/Users/Julia/Desktop/hdmi_vga_zybo2_final/hdmi_vga_zybo.srcs/sources_1/new/close.v}
update_compile_order -fileset sources_1
import_files -norecurse {C:/Users/Julia/Desktop/delayLineBRAM_WP.v C:/Users/Julia/Desktop/SR/Projekty/project_2/project_2.srcs/sources_1/new/delay_line.v C:/Users/Julia/Desktop/SR/Projekty/project_2/project_2.srcs/sources_1/new/single_register.v}
update_compile_order -fileset sources_1
update_module_reference hdmi_vga_vp_0_0
INFO: [IP_Flow 19-5107] Inferred bus interface 'clk' of definition 'xilinx.com:signal:clock:1.0' (from Xilinx Repository).
WARNING: [IP_Flow 19-5661] Bus Interface 'clk' does not have any bus interfaces associated with it.
INFO: [IP_Flow 19-234] Refreshing IP repositories
INFO: [IP_Flow 19-1700] Loaded user IP repository 'c:/Users/Julia/Desktop/SR/ip_core'.
INFO: [IP_Flow 19-1700] Loaded user IP repository 'c:/Users/Julia/Desktop/SR/vivado-library'.
INFO: [IP_Flow 19-1700] Loaded user IP repository 'c:/Users/Julia/Desktop/hdmi_vga_zybo2/divider_32_20_0'.
INFO: [IP_Flow 19-1700] Loaded user IP repository 'c:/Users/Julia/Desktop/SR/Projekty/accum'.
INFO: [IP_Flow 19-1700] Loaded user IP repository 'c:/Users/Julia/Desktop/SR/threshold_ip'.
INFO: [IP_Flow 19-1700] Loaded user IP repository 'c:/Users/Julia/Desktop/SR/filtr_ip'.
WARNING: [IP_Flow 19-2248] Failed to load user IP repository 'c:/Users/Julia/Desktop/cenip'; Can't find the specified path.
If this directory should no longer be in your list of user repositories, go to the IP Settings dialog and remove it.
Upgrading 'C:/Users/Julia/Desktop/hdmi_vga_zybo2/hdmi_vga_zybo.srcs/sources_1/bd/hdmi_vga/hdmi_vga.bd'
INFO: [IP_Flow 19-3420] Updated hdmi_vga_vp_0_0 to use current project options
Wrote  : <C:\Users\Julia\Desktop\hdmi_vga_zybo2\hdmi_vga_zybo.srcs\sources_1\bd\hdmi_vga\hdmi_vga.bd> 
Wrote  : <C:/Users/Julia/Desktop/hdmi_vga_zybo2/hdmi_vga_zybo.srcs/sources_1/bd/hdmi_vga/ui/bd_390e6c89.ui> 
update_module_reference hdmi_vga_vp_0_0
INFO: [IP_Flow 19-5107] Inferred bus interface 'clk' of definition 'xilinx.com:signal:clock:1.0' (from Xilinx Repository).
WARNING: [IP_Flow 19-5661] Bus Interface 'clk' does not have any bus interfaces associated with it.
INFO: [IP_Flow 19-234] Refreshing IP repositories
INFO: [IP_Flow 19-1700] Loaded user IP repository 'c:/Users/Julia/Desktop/SR/ip_core'.
INFO: [IP_Flow 19-1700] Loaded user IP repository 'c:/Users/Julia/Desktop/SR/vivado-library'.
INFO: [IP_Flow 19-1700] Loaded user IP repository 'c:/Users/Julia/Desktop/hdmi_vga_zybo2/divider_32_20_0'.
INFO: [IP_Flow 19-1700] Loaded user IP repository 'c:/Users/Julia/Desktop/SR/Projekty/accum'.
INFO: [IP_Flow 19-1700] Loaded user IP repository 'c:/Users/Julia/Desktop/SR/threshold_ip'.
INFO: [IP_Flow 19-1700] Loaded user IP repository 'c:/Users/Julia/Desktop/SR/filtr_ip'.
WARNING: [IP_Flow 19-2248] Failed to load user IP repository 'c:/Users/Julia/Desktop/cenip'; Can't find the specified path.
If this directory should no longer be in your list of user repositories, go to the IP Settings dialog and remove it.
Upgrading 'C:/Users/Julia/Desktop/hdmi_vga_zybo2/hdmi_vga_zybo.srcs/sources_1/bd/hdmi_vga/hdmi_vga.bd'
INFO: [IP_Flow 19-3420] Updated hdmi_vga_vp_0_0 to use current project options
Wrote  : <C:\Users\Julia\Desktop\hdmi_vga_zybo2\hdmi_vga_zybo.srcs\sources_1\bd\hdmi_vga\hdmi_vga.bd> 
update_compile_order -fileset sources_1
update_module_reference hdmi_vga_vp_0_0
INFO: [IP_Flow 19-5107] Inferred bus interface 'clk' of definition 'xilinx.com:signal:clock:1.0' (from Xilinx Repository).
WARNING: [IP_Flow 19-5661] Bus Interface 'clk' does not have any bus interfaces associated with it.
INFO: [IP_Flow 19-234] Refreshing IP repositories
INFO: [IP_Flow 19-1700] Loaded user IP repository 'c:/Users/Julia/Desktop/SR/ip_core'.
INFO: [IP_Flow 19-1700] Loaded user IP repository 'c:/Users/Julia/Desktop/SR/vivado-library'.
INFO: [IP_Flow 19-1700] Loaded user IP repository 'c:/Users/Julia/Desktop/hdmi_vga_zybo2/divider_32_20_0'.
INFO: [IP_Flow 19-1700] Loaded user IP repository 'c:/Users/Julia/Desktop/SR/Projekty/accum'.
INFO: [IP_Flow 19-1700] Loaded user IP repository 'c:/Users/Julia/Desktop/SR/threshold_ip'.
INFO: [IP_Flow 19-1700] Loaded user IP repository 'c:/Users/Julia/Desktop/SR/filtr_ip'.
WARNING: [IP_Flow 19-2248] Failed to load user IP repository 'c:/Users/Julia/Desktop/cenip'; Can't find the specified path.
If this directory should no longer be in your list of user repositories, go to the IP Settings dialog and remove it.
Upgrading 'C:/Users/Julia/Desktop/hdmi_vga_zybo2/hdmi_vga_zybo.srcs/sources_1/bd/hdmi_vga/hdmi_vga.bd'
INFO: [IP_Flow 19-3420] Updated hdmi_vga_vp_0_0 to use current project options
Wrote  : <C:\Users\Julia\Desktop\hdmi_vga_zybo2\hdmi_vga_zybo.srcs\sources_1\bd\hdmi_vga\hdmi_vga.bd> 
generate_target all [get_files  C:/Users/Julia/Desktop/hdmi_vga_zybo2/hdmi_vga_zybo.srcs/sources_1/bd/hdmi_vga/hdmi_vga.bd]
INFO: [xilinx.com:ip:clk_wiz:6.0-1] /clk_wiz_0 clk_wiz propagate
WARNING: [BD 41-1271] The connection to the pin: /dvi2rgb_0/vid_pVDE has been overridden by the user. This pin will not be connected as a part of the interface connection: dvi2rgb_0_RGB 
WARNING: [BD 41-1271] The connection to the pin: /dvi2rgb_0/vid_pData has been overridden by the user. This pin will not be connected as a part of the interface connection: dvi2rgb_0_RGB 
WARNING: [BD 41-1271] The connection to the pin: /dvi2rgb_0/vid_pHSync has been overridden by the user. This pin will not be connected as a part of the interface connection: dvi2rgb_0_RGB 
WARNING: [BD 41-1271] The connection to the pin: /dvi2rgb_0/vid_pVSync has been overridden by the user. This pin will not be connected as a part of the interface connection: dvi2rgb_0_RGB 
Wrote  : <C:\Users\Julia\Desktop\hdmi_vga_zybo2\hdmi_vga_zybo.srcs\sources_1\bd\hdmi_vga\hdmi_vga.bd> 
Verilog Output written to : c:/Users/Julia/Desktop/hdmi_vga_zybo2/hdmi_vga_zybo.gen/sources_1/bd/hdmi_vga/synth/hdmi_vga.v
Verilog Output written to : c:/Users/Julia/Desktop/hdmi_vga_zybo2/hdmi_vga_zybo.gen/sources_1/bd/hdmi_vga/sim/hdmi_vga.v
Verilog Output written to : c:/Users/Julia/Desktop/hdmi_vga_zybo2/hdmi_vga_zybo.gen/sources_1/bd/hdmi_vga/hdl/hdmi_vga_wrapper.v
INFO: [BD 41-1029] Generation completed for the IP Integrator block vp_0 .
Exporting to file c:/Users/Julia/Desktop/hdmi_vga_zybo2/hdmi_vga_zybo.gen/sources_1/bd/hdmi_vga/hw_handoff/hdmi_vga.hwh
Generated Hardware Definition File c:/Users/Julia/Desktop/hdmi_vga_zybo2/hdmi_vga_zybo.gen/sources_1/bd/hdmi_vga/synth/hdmi_vga.hwdef
export_ip_user_files -of_objects [get_files C:/Users/Julia/Desktop/hdmi_vga_zybo2/hdmi_vga_zybo.srcs/sources_1/bd/hdmi_vga/hdmi_vga.bd] -no_script -sync -force -quiet
create_ip_run [get_files -of_objects [get_fileset sources_1] C:/Users/Julia/Desktop/hdmi_vga_zybo2/hdmi_vga_zybo.srcs/sources_1/bd/hdmi_vga/hdmi_vga.bd]
launch_runs hdmi_vga_vp_0_0_synth_1 -jobs 8
INFO: [Vivado 12-4149] The synthesis checkpoint for IP 'C:/Users/Julia/Desktop/hdmi_vga_zybo2/hdmi_vga_zybo.srcs/sources_1/ip/rgb2ycbcr_0/rgb2ycbcr_0.xci' is already up-to-date
INFO: [IP_Flow 19-1686] Generating 'Synthesis' target for IP 'median5x5_0'...
INFO: [IP_Flow 19-6924] IPCACHE: Running cache check for IP inst: median5x5_0
INFO: [Vivado 12-4149] The synthesis checkpoint for IP 'C:/Users/Julia/Desktop/hdmi_vga_zybo2/hdmi_vga_zybo.srcs/sources_1/ip/divider_32_20_0_1/divider_32_20_0.xci' is already up-to-date
INFO: [IP_Flow 19-1686] Generating 'Synthesis' target for IP 'thresh_0'...
INFO: [IP_Flow 19-6924] IPCACHE: Running cache check for IP inst: thresh_0
[Thu Jun  1 03:30:22 2023] Launched thresh_0_synth_1, median5x5_0_synth_1...
Run output will be captured here:
thresh_0_synth_1: C:/Users/Julia/Desktop/hdmi_vga_zybo2/hdmi_vga_zybo.runs/thresh_0_synth_1/runme.log
median5x5_0_synth_1: C:/Users/Julia/Desktop/hdmi_vga_zybo2/hdmi_vga_zybo.runs/median5x5_0_synth_1/runme.log
[Thu Jun  1 03:30:22 2023] Launched hdmi_vga_vp_0_0_synth_1...
Run output will be captured here: C:/Users/Julia/Desktop/hdmi_vga_zybo2/hdmi_vga_zybo.runs/hdmi_vga_vp_0_0_synth_1/runme.log
launch_runs: Time (s): cpu = 00:00:05 ; elapsed = 00:00:08 . Memory (MB): peak = 1757.859 ; gain = 10.891
export_simulation -of_objects [get_files C:/Users/Julia/Desktop/hdmi_vga_zybo2/hdmi_vga_zybo.srcs/sources_1/bd/hdmi_vga/hdmi_vga.bd] -directory C:/Users/Julia/Desktop/hdmi_vga_zybo2/hdmi_vga_zybo.ip_user_files/sim_scripts -ip_user_files_dir C:/Users/Julia/Desktop/hdmi_vga_zybo2/hdmi_vga_zybo.ip_user_files -ipstatic_source_dir C:/Users/Julia/Desktop/hdmi_vga_zybo2/hdmi_vga_zybo.ip_user_files/ipstatic -lib_map_path [list {modelsim=C:/Users/Julia/Desktop/hdmi_vga_zybo2/hdmi_vga_zybo.cache/compile_simlib/modelsim} {questa=C:/Users/Julia/Desktop/hdmi_vga_zybo2/hdmi_vga_zybo.cache/compile_simlib/questa} {riviera=C:/Users/Julia/Desktop/hdmi_vga_zybo2/hdmi_vga_zybo.cache/compile_simlib/riviera} {activehdl=C:/Users/Julia/Desktop/hdmi_vga_zybo2/hdmi_vga_zybo.cache/compile_simlib/activehdl}] -use_ip_compiled_libs -force -quiet
update_module_reference hdmi_vga_vp_0_0
INFO: [IP_Flow 19-5107] Inferred bus interface 'clk' of definition 'xilinx.com:signal:clock:1.0' (from Xilinx Repository).
WARNING: [IP_Flow 19-5661] Bus Interface 'clk' does not have any bus interfaces associated with it.
INFO: [IP_Flow 19-234] Refreshing IP repositories
INFO: [IP_Flow 19-1700] Loaded user IP repository 'c:/Users/Julia/Desktop/SR/ip_core'.
INFO: [IP_Flow 19-1700] Loaded user IP repository 'c:/Users/Julia/Desktop/SR/vivado-library'.
INFO: [IP_Flow 19-1700] Loaded user IP repository 'c:/Users/Julia/Desktop/hdmi_vga_zybo2/divider_32_20_0'.
INFO: [IP_Flow 19-1700] Loaded user IP repository 'c:/Users/Julia/Desktop/SR/Projekty/accum'.
INFO: [IP_Flow 19-1700] Loaded user IP repository 'c:/Users/Julia/Desktop/SR/threshold_ip'.
INFO: [IP_Flow 19-1700] Loaded user IP repository 'c:/Users/Julia/Desktop/SR/filtr_ip'.
WARNING: [IP_Flow 19-2248] Failed to load user IP repository 'c:/Users/Julia/Desktop/cenip'; Can't find the specified path.
If this directory should no longer be in your list of user repositories, go to the IP Settings dialog and remove it.
Upgrading 'C:/Users/Julia/Desktop/hdmi_vga_zybo2/hdmi_vga_zybo.srcs/sources_1/bd/hdmi_vga/hdmi_vga.bd'
INFO: [IP_Flow 19-3420] Updated hdmi_vga_vp_0_0 to use current project options
Wrote  : <C:\Users\Julia\Desktop\hdmi_vga_zybo2\hdmi_vga_zybo.srcs\sources_1\bd\hdmi_vga\hdmi_vga.bd> 
exit
INFO: [Common 17-206] Exiting Vivado at Thu Jun  1 03:31:48 2023...
