
*** Running vivado
    with args -log main_procesor.vds -m64 -product Vivado -mode batch -messageDb vivado.pb -notrace -source main_procesor.tcl



****** Vivado v2022.2 (64-bit)
  **** SW Build 3671981 on Fri Oct 14 05:00:03 MDT 2022
  **** IP Build 3669848 on Fri Oct 14 08:30:02 MDT 2022
    ** Copyright 1986-2022 Xilinx, Inc. All Rights Reserved.

source main_procesor.tcl -notrace
Command: synth_design -top main_procesor -part xc7z010clg400-1
Starting synth_design
Attempting to get a license for feature 'Synthesis' and/or device 'xc7z010'
INFO: [Common 17-349] Got license for feature 'Synthesis' and/or device 'xc7z010'
INFO: [Device 21-403] Loading part xc7z010clg400-1
INFO: [Synth 8-7079] Multithreading enabled for synth_design using a maximum of 2 processes.
INFO: [Synth 8-7078] Launching helper process for spawning children vivado processes
INFO: [Synth 8-7075] Helper process launched with PID 20392
INFO: [Synth 8-11241] undeclared symbol 'REGCCE', assumed default net type 'wire' [C:/Xilinx/Vivado/2022.2/data/verilog/src/unimacro/BRAM_SINGLE_MACRO.v:2170]
INFO: [Synth 8-11241] undeclared symbol 'gpo', assumed default net type 'wire' [C:/Users/Julia/Desktop/SR/Projekty/procesor/procesor.srcs/sources_1/new/main_procesor.v:296]
---------------------------------------------------------------------------------
Starting RTL Elaboration : Time (s): cpu = 00:00:05 ; elapsed = 00:00:06 . Memory (MB): peak = 1328.355 ; gain = 407.434
---------------------------------------------------------------------------------
INFO: [Synth 8-6157] synthesizing module 'main_procesor' [C:/Users/Julia/Desktop/SR/Projekty/procesor/procesor.srcs/sources_1/new/main_procesor.v:23]
INFO: [Synth 8-6157] synthesizing module 'd_mem' [C:/Users/Julia/Desktop/SR/Projekty/procesor/procesor.srcs/sources_1/new/d_mem.v:27]
INFO: [Synth 8-6155] done synthesizing module 'd_mem' (0#1) [C:/Users/Julia/Desktop/SR/Projekty/procesor/procesor.srcs/sources_1/new/d_mem.v:27]
INFO: [Synth 8-6157] synthesizing module 'i_mem' [C:/Users/Julia/Desktop/SR/Projekty/procesor/procesor.srcs/sources_1/new/i_mem.v:27]
INFO: [Synth 8-6155] done synthesizing module 'i_mem' (0#1) [C:/Users/Julia/Desktop/SR/Projekty/procesor/procesor.srcs/sources_1/new/i_mem.v:27]
INFO: [Synth 8-6157] synthesizing module 'dekoder' [C:/Users/Julia/Desktop/SR/Projekty/procesor/procesor.srcs/sources_1/new/dekoder.v:23]
INFO: [Synth 8-6155] done synthesizing module 'dekoder' (0#1) [C:/Users/Julia/Desktop/SR/Projekty/procesor/procesor.srcs/sources_1/new/dekoder.v:23]
INFO: [Synth 8-6157] synthesizing module 'mux_2x1' [C:/Users/Julia/Desktop/SR/Projekty/procesor/procesor.srcs/sources_1/new/mux_2x1.v:23]
INFO: [Synth 8-6155] done synthesizing module 'mux_2x1' (0#1) [C:/Users/Julia/Desktop/SR/Projekty/procesor/procesor.srcs/sources_1/new/mux_2x1.v:23]
INFO: [Synth 8-6157] synthesizing module 'single_register' [C:/Users/Julia/Desktop/SR/Projekty/procesor/procesor.srcs/sources_1/imports/new/single_register.v:23]
INFO: [Synth 8-6155] done synthesizing module 'single_register' (0#1) [C:/Users/Julia/Desktop/SR/Projekty/procesor/procesor.srcs/sources_1/imports/new/single_register.v:23]
INFO: [Synth 8-6157] synthesizing module 'mux_8x1' [C:/Users/Julia/Desktop/SR/Projekty/procesor/procesor.srcs/sources_1/new/mux_8x1.v:23]
INFO: [Synth 8-6155] done synthesizing module 'mux_8x1' (0#1) [C:/Users/Julia/Desktop/SR/Projekty/procesor/procesor.srcs/sources_1/new/mux_8x1.v:23]
INFO: [Synth 8-6157] synthesizing module 'ALU_AND' [C:/Users/Julia/Desktop/SR/Projekty/procesor/procesor.srcs/sources_1/new/ALU_AND.v:23]
INFO: [Synth 8-6155] done synthesizing module 'ALU_AND' (0#1) [C:/Users/Julia/Desktop/SR/Projekty/procesor/procesor.srcs/sources_1/new/ALU_AND.v:23]
INFO: [Synth 8-6157] synthesizing module 'ALU_plus' [C:/Users/Julia/Desktop/SR/Projekty/procesor/procesor.runs/synth_1/.Xil/Vivado-9248-LAPTOP-73BI56TU/realtime/ALU_plus_stub.v:5]
INFO: [Synth 8-6155] done synthesizing module 'ALU_plus' (0#1) [C:/Users/Julia/Desktop/SR/Projekty/procesor/procesor.runs/synth_1/.Xil/Vivado-9248-LAPTOP-73BI56TU/realtime/ALU_plus_stub.v:5]
INFO: [Synth 8-6157] synthesizing module 'ALU_cmp' [C:/Users/Julia/Desktop/SR/Projekty/procesor/procesor.srcs/sources_1/new/ALU_cmp.v:23]
INFO: [Synth 8-6155] done synthesizing module 'ALU_cmp' (0#1) [C:/Users/Julia/Desktop/SR/Projekty/procesor/procesor.srcs/sources_1/new/ALU_cmp.v:23]
INFO: [Synth 8-6157] synthesizing module 'mux_4x1' [C:/Users/Julia/Desktop/SR/Projekty/procesor/procesor.srcs/sources_1/new/mux_4x1.v:23]
INFO: [Synth 8-6155] done synthesizing module 'mux_4x1' (0#1) [C:/Users/Julia/Desktop/SR/Projekty/procesor/procesor.srcs/sources_1/new/mux_4x1.v:23]
WARNING: [Synth 8-689] width (32) of port connection 'in2' does not match port width (8) of module 'mux_2x1' [C:/Users/Julia/Desktop/SR/Projekty/procesor/procesor.srcs/sources_1/new/main_procesor.v:272]
INFO: [Synth 8-6155] done synthesizing module 'main_procesor' (0#1) [C:/Users/Julia/Desktop/SR/Projekty/procesor/procesor.srcs/sources_1/new/main_procesor.v:23]
WARNING: [Synth 8-3848] Net data_memory[255] in module/entity d_mem does not have driver. [C:/Users/Julia/Desktop/SR/Projekty/procesor/procesor.srcs/sources_1/new/d_mem.v:34]
WARNING: [Synth 8-3848] Net data_memory[254] in module/entity d_mem does not have driver. [C:/Users/Julia/Desktop/SR/Projekty/procesor/procesor.srcs/sources_1/new/d_mem.v:34]
WARNING: [Synth 8-3848] Net data_memory[253] in module/entity d_mem does not have driver. [C:/Users/Julia/Desktop/SR/Projekty/procesor/procesor.srcs/sources_1/new/d_mem.v:34]
WARNING: [Synth 8-3848] Net data_memory[252] in module/entity d_mem does not have driver. [C:/Users/Julia/Desktop/SR/Projekty/procesor/procesor.srcs/sources_1/new/d_mem.v:34]
WARNING: [Synth 8-3848] Net data_memory[251] in module/entity d_mem does not have driver. [C:/Users/Julia/Desktop/SR/Projekty/procesor/procesor.srcs/sources_1/new/d_mem.v:34]
WARNING: [Synth 8-3848] Net data_memory[250] in module/entity d_mem does not have driver. [C:/Users/Julia/Desktop/SR/Projekty/procesor/procesor.srcs/sources_1/new/d_mem.v:34]
WARNING: [Synth 8-3848] Net data_memory[249] in module/entity d_mem does not have driver. [C:/Users/Julia/Desktop/SR/Projekty/procesor/procesor.srcs/sources_1/new/d_mem.v:34]
WARNING: [Synth 8-3848] Net data_memory[248] in module/entity d_mem does not have driver. [C:/Users/Julia/Desktop/SR/Projekty/procesor/procesor.srcs/sources_1/new/d_mem.v:34]
WARNING: [Synth 8-3848] Net data_memory[247] in module/entity d_mem does not have driver. [C:/Users/Julia/Desktop/SR/Projekty/procesor/procesor.srcs/sources_1/new/d_mem.v:34]
WARNING: [Synth 8-3848] Net data_memory[246] in module/entity d_mem does not have driver. [C:/Users/Julia/Desktop/SR/Projekty/procesor/procesor.srcs/sources_1/new/d_mem.v:34]
WARNING: [Synth 8-3848] Net data_memory[245] in module/entity d_mem does not have driver. [C:/Users/Julia/Desktop/SR/Projekty/procesor/procesor.srcs/sources_1/new/d_mem.v:34]
WARNING: [Synth 8-3848] Net data_memory[244] in module/entity d_mem does not have driver. [C:/Users/Julia/Desktop/SR/Projekty/procesor/procesor.srcs/sources_1/new/d_mem.v:34]
WARNING: [Synth 8-3848] Net data_memory[243] in module/entity d_mem does not have driver. [C:/Users/Julia/Desktop/SR/Projekty/procesor/procesor.srcs/sources_1/new/d_mem.v:34]
WARNING: [Synth 8-3848] Net data_memory[242] in module/entity d_mem does not have driver. [C:/Users/Julia/Desktop/SR/Projekty/procesor/procesor.srcs/sources_1/new/d_mem.v:34]
WARNING: [Synth 8-3848] Net data_memory[241] in module/entity d_mem does not have driver. [C:/Users/Julia/Desktop/SR/Projekty/procesor/procesor.srcs/sources_1/new/d_mem.v:34]
WARNING: [Synth 8-3848] Net data_memory[240] in module/entity d_mem does not have driver. [C:/Users/Julia/Desktop/SR/Projekty/procesor/procesor.srcs/sources_1/new/d_mem.v:34]
WARNING: [Synth 8-3848] Net data_memory[239] in module/entity d_mem does not have driver. [C:/Users/Julia/Desktop/SR/Projekty/procesor/procesor.srcs/sources_1/new/d_mem.v:34]
WARNING: [Synth 8-3848] Net data_memory[238] in module/entity d_mem does not have driver. [C:/Users/Julia/Desktop/SR/Projekty/procesor/procesor.srcs/sources_1/new/d_mem.v:34]
WARNING: [Synth 8-3848] Net data_memory[237] in module/entity d_mem does not have driver. [C:/Users/Julia/Desktop/SR/Projekty/procesor/procesor.srcs/sources_1/new/d_mem.v:34]
WARNING: [Synth 8-3848] Net data_memory[236] in module/entity d_mem does not have driver. [C:/Users/Julia/Desktop/SR/Projekty/procesor/procesor.srcs/sources_1/new/d_mem.v:34]
WARNING: [Synth 8-3848] Net data_memory[235] in module/entity d_mem does not have driver. [C:/Users/Julia/Desktop/SR/Projekty/procesor/procesor.srcs/sources_1/new/d_mem.v:34]
WARNING: [Synth 8-3848] Net data_memory[234] in module/entity d_mem does not have driver. [C:/Users/Julia/Desktop/SR/Projekty/procesor/procesor.srcs/sources_1/new/d_mem.v:34]
WARNING: [Synth 8-3848] Net data_memory[233] in module/entity d_mem does not have driver. [C:/Users/Julia/Desktop/SR/Projekty/procesor/procesor.srcs/sources_1/new/d_mem.v:34]
WARNING: [Synth 8-3848] Net data_memory[232] in module/entity d_mem does not have driver. [C:/Users/Julia/Desktop/SR/Projekty/procesor/procesor.srcs/sources_1/new/d_mem.v:34]
WARNING: [Synth 8-3848] Net data_memory[231] in module/entity d_mem does not have driver. [C:/Users/Julia/Desktop/SR/Projekty/procesor/procesor.srcs/sources_1/new/d_mem.v:34]
WARNING: [Synth 8-3848] Net data_memory[230] in module/entity d_mem does not have driver. [C:/Users/Julia/Desktop/SR/Projekty/procesor/procesor.srcs/sources_1/new/d_mem.v:34]
WARNING: [Synth 8-3848] Net data_memory[229] in module/entity d_mem does not have driver. [C:/Users/Julia/Desktop/SR/Projekty/procesor/procesor.srcs/sources_1/new/d_mem.v:34]
WARNING: [Synth 8-3848] Net data_memory[228] in module/entity d_mem does not have driver. [C:/Users/Julia/Desktop/SR/Projekty/procesor/procesor.srcs/sources_1/new/d_mem.v:34]
WARNING: [Synth 8-3848] Net data_memory[227] in module/entity d_mem does not have driver. [C:/Users/Julia/Desktop/SR/Projekty/procesor/procesor.srcs/sources_1/new/d_mem.v:34]
WARNING: [Synth 8-3848] Net data_memory[226] in module/entity d_mem does not have driver. [C:/Users/Julia/Desktop/SR/Projekty/procesor/procesor.srcs/sources_1/new/d_mem.v:34]
WARNING: [Synth 8-3848] Net data_memory[225] in module/entity d_mem does not have driver. [C:/Users/Julia/Desktop/SR/Projekty/procesor/procesor.srcs/sources_1/new/d_mem.v:34]
WARNING: [Synth 8-3848] Net data_memory[224] in module/entity d_mem does not have driver. [C:/Users/Julia/Desktop/SR/Projekty/procesor/procesor.srcs/sources_1/new/d_mem.v:34]
WARNING: [Synth 8-3848] Net data_memory[223] in module/entity d_mem does not have driver. [C:/Users/Julia/Desktop/SR/Projekty/procesor/procesor.srcs/sources_1/new/d_mem.v:34]
WARNING: [Synth 8-3848] Net data_memory[222] in module/entity d_mem does not have driver. [C:/Users/Julia/Desktop/SR/Projekty/procesor/procesor.srcs/sources_1/new/d_mem.v:34]
WARNING: [Synth 8-3848] Net data_memory[221] in module/entity d_mem does not have driver. [C:/Users/Julia/Desktop/SR/Projekty/procesor/procesor.srcs/sources_1/new/d_mem.v:34]
WARNING: [Synth 8-3848] Net data_memory[220] in module/entity d_mem does not have driver. [C:/Users/Julia/Desktop/SR/Projekty/procesor/procesor.srcs/sources_1/new/d_mem.v:34]
WARNING: [Synth 8-3848] Net data_memory[219] in module/entity d_mem does not have driver. [C:/Users/Julia/Desktop/SR/Projekty/procesor/procesor.srcs/sources_1/new/d_mem.v:34]
WARNING: [Synth 8-3848] Net data_memory[218] in module/entity d_mem does not have driver. [C:/Users/Julia/Desktop/SR/Projekty/procesor/procesor.srcs/sources_1/new/d_mem.v:34]
WARNING: [Synth 8-3848] Net data_memory[217] in module/entity d_mem does not have driver. [C:/Users/Julia/Desktop/SR/Projekty/procesor/procesor.srcs/sources_1/new/d_mem.v:34]
WARNING: [Synth 8-3848] Net data_memory[216] in module/entity d_mem does not have driver. [C:/Users/Julia/Desktop/SR/Projekty/procesor/procesor.srcs/sources_1/new/d_mem.v:34]
WARNING: [Synth 8-3848] Net data_memory[215] in module/entity d_mem does not have driver. [C:/Users/Julia/Desktop/SR/Projekty/procesor/procesor.srcs/sources_1/new/d_mem.v:34]
WARNING: [Synth 8-3848] Net data_memory[214] in module/entity d_mem does not have driver. [C:/Users/Julia/Desktop/SR/Projekty/procesor/procesor.srcs/sources_1/new/d_mem.v:34]
WARNING: [Synth 8-3848] Net data_memory[213] in module/entity d_mem does not have driver. [C:/Users/Julia/Desktop/SR/Projekty/procesor/procesor.srcs/sources_1/new/d_mem.v:34]
WARNING: [Synth 8-3848] Net data_memory[212] in module/entity d_mem does not have driver. [C:/Users/Julia/Desktop/SR/Projekty/procesor/procesor.srcs/sources_1/new/d_mem.v:34]
WARNING: [Synth 8-3848] Net data_memory[211] in module/entity d_mem does not have driver. [C:/Users/Julia/Desktop/SR/Projekty/procesor/procesor.srcs/sources_1/new/d_mem.v:34]
WARNING: [Synth 8-3848] Net data_memory[210] in module/entity d_mem does not have driver. [C:/Users/Julia/Desktop/SR/Projekty/procesor/procesor.srcs/sources_1/new/d_mem.v:34]
WARNING: [Synth 8-3848] Net data_memory[209] in module/entity d_mem does not have driver. [C:/Users/Julia/Desktop/SR/Projekty/procesor/procesor.srcs/sources_1/new/d_mem.v:34]
WARNING: [Synth 8-3848] Net data_memory[208] in module/entity d_mem does not have driver. [C:/Users/Julia/Desktop/SR/Projekty/procesor/procesor.srcs/sources_1/new/d_mem.v:34]
WARNING: [Synth 8-3848] Net data_memory[207] in module/entity d_mem does not have driver. [C:/Users/Julia/Desktop/SR/Projekty/procesor/procesor.srcs/sources_1/new/d_mem.v:34]
WARNING: [Synth 8-3848] Net data_memory[206] in module/entity d_mem does not have driver. [C:/Users/Julia/Desktop/SR/Projekty/procesor/procesor.srcs/sources_1/new/d_mem.v:34]
WARNING: [Synth 8-3848] Net data_memory[205] in module/entity d_mem does not have driver. [C:/Users/Julia/Desktop/SR/Projekty/procesor/procesor.srcs/sources_1/new/d_mem.v:34]
WARNING: [Synth 8-3848] Net data_memory[204] in module/entity d_mem does not have driver. [C:/Users/Julia/Desktop/SR/Projekty/procesor/procesor.srcs/sources_1/new/d_mem.v:34]
WARNING: [Synth 8-3848] Net data_memory[203] in module/entity d_mem does not have driver. [C:/Users/Julia/Desktop/SR/Projekty/procesor/procesor.srcs/sources_1/new/d_mem.v:34]
WARNING: [Synth 8-3848] Net data_memory[202] in module/entity d_mem does not have driver. [C:/Users/Julia/Desktop/SR/Projekty/procesor/procesor.srcs/sources_1/new/d_mem.v:34]
WARNING: [Synth 8-3848] Net data_memory[201] in module/entity d_mem does not have driver. [C:/Users/Julia/Desktop/SR/Projekty/procesor/procesor.srcs/sources_1/new/d_mem.v:34]
WARNING: [Synth 8-3848] Net data_memory[200] in module/entity d_mem does not have driver. [C:/Users/Julia/Desktop/SR/Projekty/procesor/procesor.srcs/sources_1/new/d_mem.v:34]
WARNING: [Synth 8-3848] Net data_memory[199] in module/entity d_mem does not have driver. [C:/Users/Julia/Desktop/SR/Projekty/procesor/procesor.srcs/sources_1/new/d_mem.v:34]
WARNING: [Synth 8-3848] Net data_memory[198] in module/entity d_mem does not have driver. [C:/Users/Julia/Desktop/SR/Projekty/procesor/procesor.srcs/sources_1/new/d_mem.v:34]
WARNING: [Synth 8-3848] Net data_memory[197] in module/entity d_mem does not have driver. [C:/Users/Julia/Desktop/SR/Projekty/procesor/procesor.srcs/sources_1/new/d_mem.v:34]
WARNING: [Synth 8-3848] Net data_memory[196] in module/entity d_mem does not have driver. [C:/Users/Julia/Desktop/SR/Projekty/procesor/procesor.srcs/sources_1/new/d_mem.v:34]
WARNING: [Synth 8-3848] Net data_memory[195] in module/entity d_mem does not have driver. [C:/Users/Julia/Desktop/SR/Projekty/procesor/procesor.srcs/sources_1/new/d_mem.v:34]
WARNING: [Synth 8-3848] Net data_memory[194] in module/entity d_mem does not have driver. [C:/Users/Julia/Desktop/SR/Projekty/procesor/procesor.srcs/sources_1/new/d_mem.v:34]
WARNING: [Synth 8-3848] Net data_memory[193] in module/entity d_mem does not have driver. [C:/Users/Julia/Desktop/SR/Projekty/procesor/procesor.srcs/sources_1/new/d_mem.v:34]
WARNING: [Synth 8-3848] Net data_memory[192] in module/entity d_mem does not have driver. [C:/Users/Julia/Desktop/SR/Projekty/procesor/procesor.srcs/sources_1/new/d_mem.v:34]
WARNING: [Synth 8-3848] Net data_memory[191] in module/entity d_mem does not have driver. [C:/Users/Julia/Desktop/SR/Projekty/procesor/procesor.srcs/sources_1/new/d_mem.v:34]
WARNING: [Synth 8-3848] Net data_memory[190] in module/entity d_mem does not have driver. [C:/Users/Julia/Desktop/SR/Projekty/procesor/procesor.srcs/sources_1/new/d_mem.v:34]
WARNING: [Synth 8-3848] Net data_memory[189] in module/entity d_mem does not have driver. [C:/Users/Julia/Desktop/SR/Projekty/procesor/procesor.srcs/sources_1/new/d_mem.v:34]
WARNING: [Synth 8-3848] Net data_memory[188] in module/entity d_mem does not have driver. [C:/Users/Julia/Desktop/SR/Projekty/procesor/procesor.srcs/sources_1/new/d_mem.v:34]
WARNING: [Synth 8-3848] Net data_memory[187] in module/entity d_mem does not have driver. [C:/Users/Julia/Desktop/SR/Projekty/procesor/procesor.srcs/sources_1/new/d_mem.v:34]
WARNING: [Synth 8-3848] Net data_memory[186] in module/entity d_mem does not have driver. [C:/Users/Julia/Desktop/SR/Projekty/procesor/procesor.srcs/sources_1/new/d_mem.v:34]
WARNING: [Synth 8-3848] Net data_memory[185] in module/entity d_mem does not have driver. [C:/Users/Julia/Desktop/SR/Projekty/procesor/procesor.srcs/sources_1/new/d_mem.v:34]
WARNING: [Synth 8-3848] Net data_memory[184] in module/entity d_mem does not have driver. [C:/Users/Julia/Desktop/SR/Projekty/procesor/procesor.srcs/sources_1/new/d_mem.v:34]
WARNING: [Synth 8-3848] Net data_memory[183] in module/entity d_mem does not have driver. [C:/Users/Julia/Desktop/SR/Projekty/procesor/procesor.srcs/sources_1/new/d_mem.v:34]
WARNING: [Synth 8-3848] Net data_memory[182] in module/entity d_mem does not have driver. [C:/Users/Julia/Desktop/SR/Projekty/procesor/procesor.srcs/sources_1/new/d_mem.v:34]
WARNING: [Synth 8-3848] Net data_memory[181] in module/entity d_mem does not have driver. [C:/Users/Julia/Desktop/SR/Projekty/procesor/procesor.srcs/sources_1/new/d_mem.v:34]
WARNING: [Synth 8-3848] Net data_memory[180] in module/entity d_mem does not have driver. [C:/Users/Julia/Desktop/SR/Projekty/procesor/procesor.srcs/sources_1/new/d_mem.v:34]
WARNING: [Synth 8-3848] Net data_memory[179] in module/entity d_mem does not have driver. [C:/Users/Julia/Desktop/SR/Projekty/procesor/procesor.srcs/sources_1/new/d_mem.v:34]
WARNING: [Synth 8-3848] Net data_memory[178] in module/entity d_mem does not have driver. [C:/Users/Julia/Desktop/SR/Projekty/procesor/procesor.srcs/sources_1/new/d_mem.v:34]
WARNING: [Synth 8-3848] Net data_memory[177] in module/entity d_mem does not have driver. [C:/Users/Julia/Desktop/SR/Projekty/procesor/procesor.srcs/sources_1/new/d_mem.v:34]
WARNING: [Synth 8-3848] Net data_memory[176] in module/entity d_mem does not have driver. [C:/Users/Julia/Desktop/SR/Projekty/procesor/procesor.srcs/sources_1/new/d_mem.v:34]
WARNING: [Synth 8-3848] Net data_memory[175] in module/entity d_mem does not have driver. [C:/Users/Julia/Desktop/SR/Projekty/procesor/procesor.srcs/sources_1/new/d_mem.v:34]
WARNING: [Synth 8-3848] Net data_memory[174] in module/entity d_mem does not have driver. [C:/Users/Julia/Desktop/SR/Projekty/procesor/procesor.srcs/sources_1/new/d_mem.v:34]
WARNING: [Synth 8-3848] Net data_memory[173] in module/entity d_mem does not have driver. [C:/Users/Julia/Desktop/SR/Projekty/procesor/procesor.srcs/sources_1/new/d_mem.v:34]
WARNING: [Synth 8-3848] Net data_memory[172] in module/entity d_mem does not have driver. [C:/Users/Julia/Desktop/SR/Projekty/procesor/procesor.srcs/sources_1/new/d_mem.v:34]
WARNING: [Synth 8-3848] Net data_memory[171] in module/entity d_mem does not have driver. [C:/Users/Julia/Desktop/SR/Projekty/procesor/procesor.srcs/sources_1/new/d_mem.v:34]
WARNING: [Synth 8-3848] Net data_memory[170] in module/entity d_mem does not have driver. [C:/Users/Julia/Desktop/SR/Projekty/procesor/procesor.srcs/sources_1/new/d_mem.v:34]
WARNING: [Synth 8-3848] Net data_memory[169] in module/entity d_mem does not have driver. [C:/Users/Julia/Desktop/SR/Projekty/procesor/procesor.srcs/sources_1/new/d_mem.v:34]
WARNING: [Synth 8-3848] Net data_memory[168] in module/entity d_mem does not have driver. [C:/Users/Julia/Desktop/SR/Projekty/procesor/procesor.srcs/sources_1/new/d_mem.v:34]
WARNING: [Synth 8-3848] Net data_memory[167] in module/entity d_mem does not have driver. [C:/Users/Julia/Desktop/SR/Projekty/procesor/procesor.srcs/sources_1/new/d_mem.v:34]
WARNING: [Synth 8-3848] Net data_memory[166] in module/entity d_mem does not have driver. [C:/Users/Julia/Desktop/SR/Projekty/procesor/procesor.srcs/sources_1/new/d_mem.v:34]
WARNING: [Synth 8-3848] Net data_memory[165] in module/entity d_mem does not have driver. [C:/Users/Julia/Desktop/SR/Projekty/procesor/procesor.srcs/sources_1/new/d_mem.v:34]
WARNING: [Synth 8-3848] Net data_memory[164] in module/entity d_mem does not have driver. [C:/Users/Julia/Desktop/SR/Projekty/procesor/procesor.srcs/sources_1/new/d_mem.v:34]
WARNING: [Synth 8-3848] Net data_memory[163] in module/entity d_mem does not have driver. [C:/Users/Julia/Desktop/SR/Projekty/procesor/procesor.srcs/sources_1/new/d_mem.v:34]
WARNING: [Synth 8-3848] Net data_memory[162] in module/entity d_mem does not have driver. [C:/Users/Julia/Desktop/SR/Projekty/procesor/procesor.srcs/sources_1/new/d_mem.v:34]
WARNING: [Synth 8-3848] Net data_memory[161] in module/entity d_mem does not have driver. [C:/Users/Julia/Desktop/SR/Projekty/procesor/procesor.srcs/sources_1/new/d_mem.v:34]
WARNING: [Synth 8-3848] Net data_memory[160] in module/entity d_mem does not have driver. [C:/Users/Julia/Desktop/SR/Projekty/procesor/procesor.srcs/sources_1/new/d_mem.v:34]
WARNING: [Synth 8-3848] Net data_memory[159] in module/entity d_mem does not have driver. [C:/Users/Julia/Desktop/SR/Projekty/procesor/procesor.srcs/sources_1/new/d_mem.v:34]
WARNING: [Synth 8-3848] Net data_memory[158] in module/entity d_mem does not have driver. [C:/Users/Julia/Desktop/SR/Projekty/procesor/procesor.srcs/sources_1/new/d_mem.v:34]
WARNING: [Synth 8-3848] Net data_memory[157] in module/entity d_mem does not have driver. [C:/Users/Julia/Desktop/SR/Projekty/procesor/procesor.srcs/sources_1/new/d_mem.v:34]
WARNING: [Synth 8-3848] Net data_memory[156] in module/entity d_mem does not have driver. [C:/Users/Julia/Desktop/SR/Projekty/procesor/procesor.srcs/sources_1/new/d_mem.v:34]
INFO: [Common 17-14] Message 'Synth 8-3848' appears 100 times and further instances of the messages will be disabled. Use the Tcl command set_msg_config to change the current settings.
---------------------------------------------------------------------------------
Finished RTL Elaboration : Time (s): cpu = 00:00:07 ; elapsed = 00:00:08 . Memory (MB): peak = 1424.699 ; gain = 503.777
---------------------------------------------------------------------------------
---------------------------------------------------------------------------------
Start Handling Custom Attributes
---------------------------------------------------------------------------------
---------------------------------------------------------------------------------
Finished Handling Custom Attributes : Time (s): cpu = 00:00:07 ; elapsed = 00:00:08 . Memory (MB): peak = 1424.699 ; gain = 503.777
---------------------------------------------------------------------------------
---------------------------------------------------------------------------------
Finished RTL Optimization Phase 1 : Time (s): cpu = 00:00:07 ; elapsed = 00:00:08 . Memory (MB): peak = 1424.699 ; gain = 503.777
---------------------------------------------------------------------------------
Netlist sorting complete. Time (s): cpu = 00:00:00 ; elapsed = 00:00:00.019 . Memory (MB): peak = 1424.699 ; gain = 0.000
INFO: [Project 1-570] Preparing netlist for logic optimization

Processing XDC Constraints
Initializing timing engine
Parsing XDC File [c:/Users/Julia/Desktop/SR/Projekty/procesor/procesor.gen/sources_1/ip/ALU_plus/ALU_plus/c_addsub_0_in_context.xdc] for cell 'plus'
Finished Parsing XDC File [c:/Users/Julia/Desktop/SR/Projekty/procesor/procesor.gen/sources_1/ip/ALU_plus/ALU_plus/c_addsub_0_in_context.xdc] for cell 'plus'
Parsing XDC File [C:/Users/Julia/Desktop/SR/Projekty/procesor/procesor.runs/synth_1/dont_touch.xdc]
Finished Parsing XDC File [C:/Users/Julia/Desktop/SR/Projekty/procesor/procesor.runs/synth_1/dont_touch.xdc]
Completed Processing XDC Constraints

Netlist sorting complete. Time (s): cpu = 00:00:00 ; elapsed = 00:00:00 . Memory (MB): peak = 1455.961 ; gain = 0.000
INFO: [Project 1-111] Unisim Transformation Summary:
No Unisim elements were transformed.

Constraint Validation Runtime : Time (s): cpu = 00:00:00 ; elapsed = 00:00:00.006 . Memory (MB): peak = 1455.961 ; gain = 0.000
INFO: [Synth 8-11241] undeclared symbol 'REGCCE', assumed default net type 'wire' [C:/Xilinx/Vivado/2022.2/data/verilog/src/unimacro/BRAM_SINGLE_MACRO.v:2170]
---------------------------------------------------------------------------------
Finished Constraint Validation : Time (s): cpu = 00:00:15 ; elapsed = 00:00:16 . Memory (MB): peak = 1455.961 ; gain = 535.039
---------------------------------------------------------------------------------
---------------------------------------------------------------------------------
Start Loading Part and Timing Information
---------------------------------------------------------------------------------
Loading part: xc7z010clg400-1
---------------------------------------------------------------------------------
Finished Loading Part and Timing Information : Time (s): cpu = 00:00:15 ; elapsed = 00:00:16 . Memory (MB): peak = 1455.961 ; gain = 535.039
---------------------------------------------------------------------------------
---------------------------------------------------------------------------------
Start Applying 'set_property' XDC Constraints
---------------------------------------------------------------------------------
Applied set_property KEEP_HIERARCHY = SOFT for plus. (constraint file  auto generated constraint).
---------------------------------------------------------------------------------
Finished applying 'set_property' XDC Constraints : Time (s): cpu = 00:00:15 ; elapsed = 00:00:16 . Memory (MB): peak = 1455.961 ; gain = 535.039
---------------------------------------------------------------------------------
---------------------------------------------------------------------------------
Finished RTL Optimization Phase 2 : Time (s): cpu = 00:00:15 ; elapsed = 00:00:16 . Memory (MB): peak = 1455.961 ; gain = 535.039
---------------------------------------------------------------------------------
---------------------------------------------------------------------------------
Start RTL Component Statistics 
---------------------------------------------------------------------------------
Detailed RTL Component Info : 
+---Adders : 
	   2 Input    9 Bit       Adders := 1     
+---Registers : 
	                8 Bit    Registers := 8     
+---Muxes : 
	   2 Input    8 Bit        Muxes := 4     
	   4 Input    8 Bit        Muxes := 1     
	   2 Input    1 Bit        Muxes := 8     
---------------------------------------------------------------------------------
Finished RTL Component Statistics 
---------------------------------------------------------------------------------
---------------------------------------------------------------------------------
Start Part Resource Summary
---------------------------------------------------------------------------------
Part Resources:
DSPs: 80 (col length:40)
BRAMs: 120 (col length: RAMB18 40 RAMB36 20)
---------------------------------------------------------------------------------
Finished Part Resource Summary
---------------------------------------------------------------------------------
---------------------------------------------------------------------------------
Start Cross Boundary and Area Optimization
---------------------------------------------------------------------------------
WARNING: [Synth 8-7080] Parallel synthesis criteria is not met
