
*** Running vivado
    with args -log rgb2ycbcr_0.vds -m64 -product Vivado -mode batch -messageDb vivado.pb -notrace -source rgb2ycbcr_0.tcl



****** Vivado v2022.2 (64-bit)
  **** SW Build 3671981 on Fri Oct 14 05:00:03 MDT 2022
  **** IP Build 3669848 on Fri Oct 14 08:30:02 MDT 2022
    ** Copyright 1986-2022 Xilinx, Inc. All Rights Reserved.

source rgb2ycbcr_0.tcl -notrace
INFO: [IP_Flow 19-234] Refreshing IP repositories
INFO: [IP_Flow 19-1700] Loaded user IP repository 'c:/Users/Julia/Desktop/SR/Projekty/hdmi_vga_zybo/vivado-library'.
INFO: [IP_Flow 19-1700] Loaded user IP repository 'c:/Users/Julia/Desktop/SR/ip_core'.
INFO: [IP_Flow 19-1700] Loaded user IP repository 'c:/Users/Julia/Desktop/SR/threshold_ip'.
INFO: [IP_Flow 19-2313] Loaded Vivado IP repository 'C:/Xilinx/Vivado/2022.2/data/ip'.
INFO: [IP_Flow 19-6924] IPCACHE: Running cache check for IP inst: rgb2ycbcr_0
INFO: [IP_Flow 19-6922] IPCACHE: Exporting cached entry 574b01a6e791876b to dir: C:/Users/Julia/Desktop/SR/Projekty/hdmi_vga_zybo/hdmi_vga_zybo.runs/rgb2ycbcr_0_synth_1
INFO: [IP_Flow 19-6928] IPCACHE: copied cached file c:/Users/Julia/Desktop/SR/Projekty/hdmi_vga_zybo/hdmi_vga_zybo.cache/ip/2022.2/5/7/574b01a6e791876b/rgb2ycbcr_0.dcp to C:/Users/Julia/Desktop/SR/Projekty/hdmi_vga_zybo/hdmi_vga_zybo.runs/rgb2ycbcr_0_synth_1/rgb2ycbcr_0.dcp.
INFO: [IP_Flow 19-6928] IPCACHE: copied cached file c:/Users/Julia/Desktop/SR/Projekty/hdmi_vga_zybo/hdmi_vga_zybo.cache/ip/2022.2/5/7/574b01a6e791876b/rgb2ycbcr_0_sim_netlist.v to C:/Users/Julia/Desktop/SR/Projekty/hdmi_vga_zybo/hdmi_vga_zybo.runs/rgb2ycbcr_0_synth_1/rgb2ycbcr_0_sim_netlist.v.
INFO: [IP_Flow 19-6928] IPCACHE: copied cached file c:/Users/Julia/Desktop/SR/Projekty/hdmi_vga_zybo/hdmi_vga_zybo.cache/ip/2022.2/5/7/574b01a6e791876b/rgb2ycbcr_0_sim_netlist.vhdl to C:/Users/Julia/Desktop/SR/Projekty/hdmi_vga_zybo/hdmi_vga_zybo.runs/rgb2ycbcr_0_synth_1/rgb2ycbcr_0_sim_netlist.vhdl.
INFO: [IP_Flow 19-6928] IPCACHE: copied cached file c:/Users/Julia/Desktop/SR/Projekty/hdmi_vga_zybo/hdmi_vga_zybo.cache/ip/2022.2/5/7/574b01a6e791876b/rgb2ycbcr_0_stub.v to C:/Users/Julia/Desktop/SR/Projekty/hdmi_vga_zybo/hdmi_vga_zybo.runs/rgb2ycbcr_0_synth_1/rgb2ycbcr_0_stub.v.
INFO: [IP_Flow 19-6928] IPCACHE: copied cached file c:/Users/Julia/Desktop/SR/Projekty/hdmi_vga_zybo/hdmi_vga_zybo.cache/ip/2022.2/5/7/574b01a6e791876b/rgb2ycbcr_0_stub.vhdl to C:/Users/Julia/Desktop/SR/Projekty/hdmi_vga_zybo/hdmi_vga_zybo.runs/rgb2ycbcr_0_synth_1/rgb2ycbcr_0_stub.vhdl.
INFO: [IP_Flow 19-4838] Using cached IP synthesis design for IP rgb2ycbcr_0, cache-ID = 574b01a6e791876b.
INFO: [Common 17-206] Exiting Vivado at Thu Apr 27 12:18:00 2023...
