Copyright 1986-2022 Xilinx, Inc. All Rights Reserved.
------------------------------------------------------------------------------------
| Tool Version : Vivado v.2022.2 (win64) Build 3671981 Fri Oct 14 05:00:03 MDT 2022
| Date         : Thu Apr 27 12:20:00 2023
| Host         : LAPTOP-73BI56TU running 64-bit major release  (build 9200)
| Command      : upgrade_ip
| Device       : xc7z010clg400-1
------------------------------------------------------------------------------------

Upgrade Log for IP 'hdmi_vga_dvi2rgb_0_0'

1. Summary
----------

SUCCESS in the conversion of hdmi_vga_dvi2rgb_0_0 (digilentinc.com:ip:dvi2rgb:2.0 (Rev. 8)) to Vivado generation flows.






Copyright 1986-2022 Xilinx, Inc. All Rights Reserved.
------------------------------------------------------------------------------------
| Tool Version : Vivado v.2022.2 (win64) Build 3671981 Fri Oct 14 05:00:03 MDT 2022
| Date         : Thu Apr 27 12:20:00 2023
| Host         : LAPTOP-73BI56TU running 64-bit major release  (build 9200)
| Command      : upgrade_ip
| Device       : xc7z010clg400-1
------------------------------------------------------------------------------------

Upgrade Log for IP 'hdmi_vga_clk_wiz_0_0'

1. Summary
----------

SUCCESS in the conversion of hdmi_vga_clk_wiz_0_0 (xilinx.com:ip:clk_wiz:6.0 (Rev. 11)) to Vivado generation flows.






Copyright 1986-2022 Xilinx, Inc. All Rights Reserved.
------------------------------------------------------------------------------------
| Tool Version : Vivado v.2022.2 (win64) Build 3671981 Fri Oct 14 05:00:03 MDT 2022
| Date         : Thu Apr 27 02:08:55 2023
| Host         : LAPTOP-73BI56TU running 64-bit major release  (build 9200)
| Command      : upgrade_ip
| Device       : xc7z010clg400-1
------------------------------------------------------------------------------------

Upgrade Log for IP 'thresh_0'

1. Summary
----------

SUCCESS in the upgrade of thresh_0 (xilinx.com:user:thresh:1.0) from (Rev. 2) to (Rev. 3)






Copyright 1986-2022 Xilinx, Inc. All Rights Reserved.
------------------------------------------------------------------------------------
| Tool Version : Vivado v.2022.2 (win64) Build 3671981 Fri Oct 14 05:00:03 MDT 2022
| Date         : Sat Apr 22 13:26:21 2023
| Host         : LAPTOP-73BI56TU running 64-bit major release  (build 9200)
| Command      : upgrade_ip
| Device       : xc7z010clg400-1
------------------------------------------------------------------------------------

Upgrade Log for IP 'rgb2ycbcr_0'

1. Summary
----------

SUCCESS in the conversion of rgb2ycbcr_0 (xilinx.com:user:rgb2ycbcr:1.0 (Rev. 1)) to Vivado generation flows.






Copyright 1986-2022 Xilinx, Inc. All Rights Reserved.
------------------------------------------------------------------------------------
| Tool Version : Vivado v.2022.2 (win64) Build 3671981 Fri Oct 14 05:00:03 MDT 2022
| Date         : Sat Apr 22 13:19:53 2023
| Host         : LAPTOP-73BI56TU running 64-bit major release  (build 9200)
| Command      : upgrade_ip
| Device       : xc7z010clg400-1
------------------------------------------------------------------------------------

Upgrade Log for IP 'rgb2ycbcr_0'

1. Summary
----------

SUCCESS in the conversion of rgb2ycbcr_0 (xilinx.com:user:rgb2ycbcr:1.0 (Rev. 1)) to Vivado generation flows.






Copyright 1986-2022 Xilinx, Inc. All Rights Reserved.
------------------------------------------------------------------------------------
| Tool Version : Vivado v.2022.2 (win64) Build 3671981 Fri Oct 14 05:00:03 MDT 2022
| Date         : Sat Apr 22 12:57:40 2023
| Host         : LAPTOP-73BI56TU running 64-bit major release  (build 9200)
| Command      : upgrade_ip
| Device       : xc7z010clg400-1
------------------------------------------------------------------------------------

Upgrade Log for IP 'rgb2ycbcr_0'

1. Summary
----------

SUCCESS in the conversion of rgb2ycbcr_0 (xilinx.com:user:rgb2ycbcr:1.0 (Rev. 1)) to Vivado generation flows.






Copyright 1986-2022 Xilinx, Inc. All Rights Reserved.
------------------------------------------------------------------------------------
| Tool Version : Vivado v.2022.2 (win64) Build 3671981 Fri Oct 14 05:00:03 MDT 2022
| Date         : Sat Apr 22 12:39:02 2023
| Host         : LAPTOP-73BI56TU running 64-bit major release  (build 9200)
| Command      : upgrade_ip
| Device       : xc7z010clg400-1
------------------------------------------------------------------------------------

Upgrade Log for IP 'rgb2ycbcr_0'

1. Summary
----------

SUCCESS in the conversion of rgb2ycbcr_0 (xilinx.com:user:rgb2ycbcr:1.0 (Rev. 1)) to Vivado generation flows.






Copyright 1986-2022 Xilinx, Inc. All Rights Reserved.
------------------------------------------------------------------------------------
| Tool Version : Vivado v.2022.2 (win64) Build 3671981 Fri Oct 14 05:00:03 MDT 2022
| Date         : Sat Apr 22 04:18:30 2023
| Host         : LAPTOP-73BI56TU running 64-bit major release  (build 9200)
| Command      : upgrade_ip
| Device       : xc7z010clg400-1
------------------------------------------------------------------------------------

Upgrade Log for IP 'rgb2ycbcr_0'

1. Summary
----------

SUCCESS in the conversion of rgb2ycbcr_0 (xilinx.com:user:rgb2ycbcr:1.0 (Rev. 1)) to Vivado generation flows.






Copyright 1986-2022 Xilinx, Inc. All Rights Reserved.
------------------------------------------------------------------------------------
| Tool Version : Vivado v.2022.2 (win64) Build 3671981 Fri Oct 14 05:00:03 MDT 2022
| Date         : Sat Apr 22 04:11:48 2023
| Host         : LAPTOP-73BI56TU running 64-bit major release  (build 9200)
| Command      : upgrade_ip
| Device       : xc7z010clg400-1
------------------------------------------------------------------------------------

Upgrade Log for IP 'rgb2ycbcr_0'

1. Summary
----------

SUCCESS in the conversion of rgb2ycbcr_0 (xilinx.com:user:rgb2ycbcr:1.0 (Rev. 1)) to Vivado generation flows.






Copyright 1986-2022 Xilinx, Inc. All Rights Reserved.
------------------------------------------------------------------------------------
| Tool Version : Vivado v.2022.2 (win64) Build 3671981 Fri Oct 14 05:00:03 MDT 2022
| Date         : Sat Apr 22 03:58:10 2023
| Host         : LAPTOP-73BI56TU running 64-bit major release  (build 9200)
| Command      : upgrade_ip
| Device       : xc7z010clg400-1
------------------------------------------------------------------------------------

Upgrade Log for IP 'rgb2ycbcr_0'

1. Summary
----------

SUCCESS in the conversion of rgb2ycbcr_0 (xilinx.com:user:rgb2ycbcr:1.0 (Rev. 1)) to Vivado generation flows.






Copyright 1986-2022 Xilinx, Inc. All Rights Reserved.
------------------------------------------------------------------------------------
| Tool Version : Vivado v.2022.2 (win64) Build 3671981 Fri Oct 14 05:00:03 MDT 2022
| Date         : Sat Apr 22 03:52:50 2023
| Host         : LAPTOP-73BI56TU running 64-bit major release  (build 9200)
| Command      : upgrade_ip
| Device       : xc7z010clg400-1
------------------------------------------------------------------------------------

Upgrade Log for IP 'rgb2ycbcr_0'

1. Summary
----------

SUCCESS in the conversion of rgb2ycbcr_0 (xilinx.com:user:rgb2ycbcr:1.0 (Rev. 1)) to Vivado generation flows.






Copyright 1986-2022 Xilinx, Inc. All Rights Reserved.
------------------------------------------------------------------------------------
| Tool Version : Vivado v.2022.2 (win64) Build 3671981 Fri Oct 14 05:00:03 MDT 2022
| Date         : Sat Apr 22 03:34:02 2023
| Host         : LAPTOP-73BI56TU running 64-bit major release  (build 9200)
| Command      : upgrade_ip
| Device       : xc7z010clg400-1
------------------------------------------------------------------------------------

Upgrade Log for IP 'rgb2ycbcr_0'

1. Summary
----------

SUCCESS in the conversion of rgb2ycbcr_0 (xilinx.com:user:rgb2ycbcr:1.0 (Rev. 1)) to Vivado generation flows.






Copyright 1986-2022 Xilinx, Inc. All Rights Reserved.
------------------------------------------------------------------------------------
| Tool Version : Vivado v.2022.2 (win64) Build 3671981 Fri Oct 14 05:00:03 MDT 2022
| Date         : Sat Apr 22 03:30:31 2023
| Host         : LAPTOP-73BI56TU running 64-bit major release  (build 9200)
| Command      : upgrade_ip
| Device       : xc7z010clg400-1
------------------------------------------------------------------------------------

Upgrade Log for IP 'rgb2ycbcr_0'

1. Summary
----------

SUCCESS in the conversion of rgb2ycbcr_0 (xilinx.com:user:rgb2ycbcr:1.0 (Rev. 1)) to Vivado generation flows.






Copyright 1986-2022 Xilinx, Inc. All Rights Reserved.
------------------------------------------------------------------------------------
| Tool Version : Vivado v.2022.2 (win64) Build 3671981 Fri Oct 14 05:00:03 MDT 2022
| Date         : Sat Apr 22 03:23:08 2023
| Host         : LAPTOP-73BI56TU running 64-bit major release  (build 9200)
| Command      : upgrade_ip
| Device       : xc7z010clg400-1
------------------------------------------------------------------------------------

Upgrade Log for IP 'rgb2ycbcr_0'

1. Summary
----------

SUCCESS in the conversion of rgb2ycbcr_0 (xilinx.com:user:rgb2ycbcr:1.0 (Rev. 1)) to Vivado generation flows.






Copyright 1986-2022 Xilinx, Inc. All Rights Reserved.
------------------------------------------------------------------------------------
| Tool Version : Vivado v.2022.2 (win64) Build 3671981 Fri Oct 14 05:00:03 MDT 2022
| Date         : Sat Apr 22 02:58:35 2023
| Host         : LAPTOP-73BI56TU running 64-bit major release  (build 9200)
| Command      : upgrade_ip
| Device       : xc7z010clg400-1
------------------------------------------------------------------------------------

Upgrade Log for IP 'rgb2ycbcr_0'

1. Summary
----------

SUCCESS in the conversion of rgb2ycbcr_0 (xilinx.com:user:rgb2ycbcr:1.0 (Rev. 1)) to Vivado generation flows.






Copyright 1986-2022 Xilinx, Inc. All Rights Reserved.
------------------------------------------------------------------------------------
| Tool Version : Vivado v.2022.2 (win64) Build 3671981 Fri Oct 14 05:00:03 MDT 2022
| Date         : Sat Apr 22 02:46:19 2023
| Host         : LAPTOP-73BI56TU running 64-bit major release  (build 9200)
| Command      : upgrade_ip
| Device       : xc7z010clg400-1
------------------------------------------------------------------------------------

Upgrade Log for IP 'rgb2ycbcr_0'

1. Summary
----------

SUCCESS in the conversion of rgb2ycbcr_0 (xilinx.com:user:rgb2ycbcr:1.0 (Rev. 1)) to Vivado generation flows.






Copyright 1986-2022 Xilinx, Inc. All Rights Reserved.
------------------------------------------------------------------------------------
| Tool Version : Vivado v.2022.2 (win64) Build 3671981 Fri Oct 14 05:00:03 MDT 2022
| Date         : Sat Apr 22 02:28:54 2023
| Host         : LAPTOP-73BI56TU running 64-bit major release  (build 9200)
| Command      : upgrade_ip
| Device       : xc7z010clg400-1
------------------------------------------------------------------------------------

Upgrade Log for IP 'rgb2ycbcr_0'

1. Summary
----------

SUCCESS in the conversion of rgb2ycbcr_0 (xilinx.com:user:rgb2ycbcr:1.0 (Rev. 1)) to Vivado generation flows.






Copyright 1986-2022 Xilinx, Inc. All Rights Reserved.
------------------------------------------------------------------------------------
| Tool Version : Vivado v.2022.2 (win64) Build 3671981 Fri Oct 14 05:00:03 MDT 2022
| Date         : Sat Apr 22 02:22:18 2023
| Host         : LAPTOP-73BI56TU running 64-bit major release  (build 9200)
| Command      : upgrade_ip
| Device       : xc7z010clg400-1
------------------------------------------------------------------------------------

Upgrade Log for IP 'rgb2ycbcr_0'

1. Summary
----------

SUCCESS in the conversion of rgb2ycbcr_0 (xilinx.com:user:rgb2ycbcr:1.0 (Rev. 1)) to Vivado generation flows.






Copyright 1986-2022 Xilinx, Inc. All Rights Reserved.
------------------------------------------------------------------------------------
| Tool Version : Vivado v.2022.2 (win64) Build 3671981 Fri Oct 14 05:00:03 MDT 2022
| Date         : Sat Apr 22 02:17:34 2023
| Host         : LAPTOP-73BI56TU running 64-bit major release  (build 9200)
| Command      : upgrade_ip
| Device       : xc7z010clg400-1
------------------------------------------------------------------------------------

Upgrade Log for IP 'rgb2ycbcr_0'

1. Summary
----------

SUCCESS in the conversion of rgb2ycbcr_0 (xilinx.com:user:rgb2ycbcr:1.0 (Rev. 1)) to Vivado generation flows.






Copyright 1986-2022 Xilinx, Inc. All Rights Reserved.
------------------------------------------------------------------------------------
| Tool Version : Vivado v.2022.2 (win64) Build 3671981 Fri Oct 14 05:00:03 MDT 2022
| Date         : Sat Apr 22 02:06:21 2023
| Host         : LAPTOP-73BI56TU running 64-bit major release  (build 9200)
| Command      : upgrade_ip
| Device       : xc7z010clg400-1
------------------------------------------------------------------------------------

Upgrade Log for IP 'rgb2ycbcr_0'

1. Summary
----------

SUCCESS in the conversion of rgb2ycbcr_0 (xilinx.com:user:rgb2ycbcr:1.0 (Rev. 1)) to Vivado generation flows.






Copyright 1986-2022 Xilinx, Inc. All Rights Reserved.
------------------------------------------------------------------------------------
| Tool Version : Vivado v.2022.2 (win64) Build 3671981 Fri Oct 14 05:00:03 MDT 2022
| Date         : Sat Apr 22 01:54:43 2023
| Host         : LAPTOP-73BI56TU running 64-bit major release  (build 9200)
| Command      : upgrade_ip
| Device       : xc7z010clg400-1
------------------------------------------------------------------------------------

Upgrade Log for IP 'rgb2ycbcr_0'

1. Summary
----------

SUCCESS in the conversion of rgb2ycbcr_0 (xilinx.com:user:rgb2ycbcr:1.0 (Rev. 1)) to Vivado generation flows.






Copyright 1986-2022 Xilinx, Inc. All Rights Reserved.
------------------------------------------------------------------------------------
| Tool Version : Vivado v.2022.2 (win64) Build 3671981 Fri Oct 14 05:00:03 MDT 2022
| Date         : Sat Apr 22 01:30:38 2023
| Host         : LAPTOP-73BI56TU running 64-bit major release  (build 9200)
| Command      : upgrade_ip
| Device       : xc7z010clg400-1
------------------------------------------------------------------------------------

Upgrade Log for IP 'rgb2ycbcr_0'

1. Summary
----------

SUCCESS in the conversion of rgb2ycbcr_0 (xilinx.com:user:rgb2ycbcr:1.0 (Rev. 1)) to Vivado generation flows.






Copyright 1986-2022 Xilinx, Inc. All Rights Reserved.
------------------------------------------------------------------------------------
| Tool Version : Vivado v.2022.2 (win64) Build 3671981 Fri Oct 14 05:00:03 MDT 2022
| Date         : Sat Apr 22 01:19:32 2023
| Host         : LAPTOP-73BI56TU running 64-bit major release  (build 9200)
| Command      : upgrade_ip
| Device       : xc7z010clg400-1
------------------------------------------------------------------------------------

Upgrade Log for IP 'rgb2ycbcr_0'

1. Summary
----------

SUCCESS in the upgrade of rgb2ycbcr_0 (xilinx.com:user:rgb2ycbcr:1.0) from (Rev. 2) to (Rev. 1)






Copyright 1986-2022 Xilinx, Inc. All Rights Reserved.
------------------------------------------------------------------------------------
| Tool Version : Vivado v.2022.2 (win64) Build 3671981 Fri Oct 14 05:00:03 MDT 2022
| Date         : Sat Apr 22 01:17:21 2023
| Host         : LAPTOP-73BI56TU running 64-bit major release  (build 9200)
| Command      : upgrade_ip
| Device       : xc7z010clg400-1
------------------------------------------------------------------------------------

Upgrade Log for IP 'rgb2ycbcr_0'

1. Summary
----------

SUCCESS in the upgrade of rgb2ycbcr_0 (xilinx.com:user:rgb2ycbcr:1.0) from (Rev. 1) to (Rev. 2)






Copyright 1986-2022 Xilinx, Inc. All Rights Reserved.
------------------------------------------------------------------------------------
| Tool Version : Vivado v.2022.2 (win64) Build 3671981 Fri Oct 14 05:00:03 MDT 2022
| Date         : Sat Apr 22 01:17:20 2023
| Host         : LAPTOP-73BI56TU running 64-bit major release  (build 9200)
| Command      : upgrade_ip
| Device       : xc7z010clg400-1
------------------------------------------------------------------------------------

Upgrade Log for IP 'hdmi_vga_vp_0_0'

1. Summary
----------

SUCCESS in the conversion of hdmi_vga_vp_0_0 (xilinx.com:module_ref:vp:1.0 (Rev. 1)) to Vivado generation flows.






Copyright 1986-2022 Xilinx, Inc. All Rights Reserved.
------------------------------------------------------------------------------------
| Tool Version : Vivado v.2022.2 (win64) Build 3671981 Fri Oct 14 05:00:03 MDT 2022
| Date         : Sat Apr 22 01:03:20 2023
| Host         : LAPTOP-73BI56TU running 64-bit major release  (build 9200)
| Command      : upgrade_ip
| Device       : xc7z010clg400-1
------------------------------------------------------------------------------------

Upgrade Log for IP 'rgb2ycbcr_0'

1. Summary
----------

SUCCESS in the upgrade of rgb2ycbcr_0 (xilinx.com:user:rgb2ycbcr:1.0) from (Rev. 17) to (Rev. 18)






Copyright 1986-2022 Xilinx, Inc. All Rights Reserved.
------------------------------------------------------------------------------------
| Tool Version : Vivado v.2022.2 (win64) Build 3671981 Fri Oct 14 05:00:03 MDT 2022
| Date         : Sat Apr 22 00:45:24 2023
| Host         : LAPTOP-73BI56TU running 64-bit major release  (build 9200)
| Command      : upgrade_ip
| Device       : xc7z010clg400-1
------------------------------------------------------------------------------------

Upgrade Log for IP 'rgb2ycbcr_0'

1. Summary
----------

SUCCESS in the upgrade of rgb2ycbcr_0 (xilinx.com:user:rgb2ycbcr:1.0) from (Rev. 14) to (Rev. 15)






Copyright 1986-2022 Xilinx, Inc. All Rights Reserved.
------------------------------------------------------------------------------------
| Tool Version : Vivado v.2022.2 (win64) Build 3671981 Fri Oct 14 05:00:03 MDT 2022
| Date         : Sat Apr 22 00:39:43 2023
| Host         : LAPTOP-73BI56TU running 64-bit major release  (build 9200)
| Command      : upgrade_ip
| Device       : xc7z010clg400-1
------------------------------------------------------------------------------------

Upgrade Log for IP 'rgb2ycbcr_0'

1. Summary
----------

CAUTION (success, with warnings) in the upgrade of rgb2ycbcr_0 (xilinx.com:user:rgb2ycbcr:1.0) from (Rev. 13) to (Rev. 14)

After upgrade, an IP may have parameter and port differences compared to the original customization. Please review the parameters within the IP customization GUI to ensure proper functionality. Also, please review the updated IP instantiation template to ensure proper connectivity, and update your design if required.

2. Connection Warnings
----------------------

Detected external port differences while upgrading 'rgb2ycbcr_0'. These changes may impact your design.


-Upgrade has removed port 'h_sync_in'

-Upgrade has removed port 'h_sync_out'

-Upgrade has removed port 'pixel_in'

-Upgrade has removed port 'pixel_out'

-Upgrade has removed port 'v_sync_in'

-Upgrade has removed port 'v_sync_out'

-Upgrade has added port 'Hsync_in'

-Upgrade has added port 'Hsync_out'

-Upgrade has added port 'Vsync_in'

-Upgrade has added port 'Vsync_out'

-Upgrade has added port 'pixel_RGB'

-Upgrade has added port 'pixel_YCbCr'







Copyright 1986-2022 Xilinx, Inc. All Rights Reserved.
------------------------------------------------------------------------------------
| Tool Version : Vivado v.2022.2 (win64) Build 3671981 Fri Oct 14 05:00:03 MDT 2022
| Date         : Sat Apr 22 00:39:42 2023
| Host         : LAPTOP-73BI56TU running 64-bit major release  (build 9200)
| Command      : upgrade_ip
| Device       : xc7z010clg400-1
------------------------------------------------------------------------------------

Upgrade Log for IP 'hdmi_vga_vp_0_0'

1. Summary
----------

SUCCESS in the conversion of hdmi_vga_vp_0_0 (xilinx.com:module_ref:vp:1.0 (Rev. 1)) to Vivado generation flows.






Copyright 1986-2022 Xilinx, Inc. All Rights Reserved.
------------------------------------------------------------------------------------
| Tool Version : Vivado v.2022.2 (win64) Build 3671981 Fri Oct 14 05:00:03 MDT 2022
| Date         : Sat Apr 22 00:36:35 2023
| Host         : LAPTOP-73BI56TU running 64-bit major release  (build 9200)
| Command      : upgrade_ip
| Device       : xc7z010clg400-1
------------------------------------------------------------------------------------

Upgrade Log for IP 'rgb2ycbcr_0'

1. Summary
----------

SUCCESS in the upgrade of rgb2ycbcr_0 (xilinx.com:user:rgb2ycbcr:1.0) from (Rev. 11) to (Rev. 13)






Copyright 1986-2022 Xilinx, Inc. All Rights Reserved.
------------------------------------------------------------------------------------
| Tool Version : Vivado v.2022.2 (win64) Build 3671981 Fri Oct 14 05:00:03 MDT 2022
| Date         : Sat Apr 22 00:31:25 2023
| Host         : LAPTOP-73BI56TU running 64-bit major release  (build 9200)
| Command      : upgrade_ip
| Device       : xc7z010clg400-1
------------------------------------------------------------------------------------

Upgrade Log for IP 'rgb2ycbcr_0'

1. Summary
----------

SUCCESS in the upgrade of rgb2ycbcr_0 (xilinx.com:user:rgb2ycbcr:1.0) from (Rev. 9) to (Rev. 11)






Copyright 1986-2022 Xilinx, Inc. All Rights Reserved.
------------------------------------------------------------------------------------
| Tool Version : Vivado v.2022.2 (win64) Build 3671981 Fri Oct 14 05:00:03 MDT 2022
| Date         : Fri Apr 21 23:59:30 2023
| Host         : LAPTOP-73BI56TU running 64-bit major release  (build 9200)
| Command      : upgrade_ip
| Device       : xc7z010clg400-1
------------------------------------------------------------------------------------

Upgrade Log for IP 'rgb2ycbcr_0'

1. Summary
----------

SUCCESS in the upgrade of rgb2ycbcr_0 (xilinx.com:user:rgb2ycbcr:1.0) from (Rev. 7) to (Rev. 9)






Copyright 1986-2022 Xilinx, Inc. All Rights Reserved.
------------------------------------------------------------------------------------
| Tool Version : Vivado v.2022.2 (win64) Build 3671981 Fri Oct 14 05:00:03 MDT 2022
| Date         : Fri Apr 21 23:39:16 2023
| Host         : LAPTOP-73BI56TU running 64-bit major release  (build 9200)
| Command      : upgrade_ip
| Device       : xc7z010clg400-1
------------------------------------------------------------------------------------

Upgrade Log for IP 'rgb2ycbcr_0'

1. Summary
----------

SUCCESS in the upgrade of rgb2ycbcr_0 (xilinx.com:user:rgb2ycbcr:1.0) from (Rev. 6) to (Rev. 7)






Copyright 1986-2022 Xilinx, Inc. All Rights Reserved.
------------------------------------------------------------------------------------
| Tool Version : Vivado v.2022.2 (win64) Build 3671981 Fri Oct 14 05:00:03 MDT 2022
| Date         : Fri Apr 21 23:35:22 2023
| Host         : LAPTOP-73BI56TU running 64-bit major release  (build 9200)
| Command      : upgrade_ip
| Device       : xc7z010clg400-1
------------------------------------------------------------------------------------

Upgrade Log for IP 'rgb2ycbcr_0'

1. Summary
----------

SUCCESS in the upgrade of rgb2ycbcr_0 (xilinx.com:user:rgb2ycbcr:1.0) from (Rev. 4) to (Rev. 6)






Copyright 1986-2022 Xilinx, Inc. All Rights Reserved.
------------------------------------------------------------------------------------
| Tool Version : Vivado v.2022.2 (win64) Build 3671981 Fri Oct 14 05:00:03 MDT 2022
| Date         : Thu Apr 20 14:18:49 2023
| Host         : LAPTOP-73BI56TU running 64-bit major release  (build 9200)
| Command      : upgrade_ip
| Device       : xc7z010clg400-1
------------------------------------------------------------------------------------

Upgrade Log for IP 'rgb2ycbcr_0'

1. Summary
----------

SUCCESS in the upgrade of rgb2ycbcr_0 (xilinx.com:user:rgb2ycbcr:1.0) from (Rev. 3) to (Rev. 4)






Copyright 1986-2022 Xilinx, Inc. All Rights Reserved.
------------------------------------------------------------------------------------
| Tool Version : Vivado v.2022.2 (win64) Build 3671981 Fri Oct 14 05:00:03 MDT 2022
| Date         : Thu Apr 20 14:07:13 2023
| Host         : LAPTOP-73BI56TU running 64-bit major release  (build 9200)
| Command      : upgrade_ip
| Device       : xc7z010clg400-1
------------------------------------------------------------------------------------

Upgrade Log for IP 'rgb2ycbcr_0'

1. Summary
----------

SUCCESS in the upgrade of rgb2ycbcr_0 (xilinx.com:user:rgb2ycbcr:1.0) from (Rev. 2) to (Rev. 3)

